============================================================
Time  2018/07/03 10:00:09 596 
============================================================
[2018/07/03 10:00:09 597] lgi        641  SYS_MSG_LOAD  
[2018/07/03 10:00:09 598] lgi        663  SYS_MSG_REGCB  msp_status_cb  func(b4015f20) 
[2018/07/03 10:00:09 599] lgi        292  LGI_MSG_INIT  
[2018/07/03 10:00:09 599] lgi        299  lgi  lgi_  268436457  1504340430  
[2018/07/03 10:00:09 599] lgi        332  lgi params:  appid = 598422f9  
[2018/07/03 10:00:09 599] lgi        346  auth_time_str=  2018/07/03 10:00:09  
[2018/07/03 10:00:09 599] lgi        352  auth_appid=  598422f9  
[2018/07/03 10:00:09 599] lgi        363  token:  nil  
[2018/07/03 10:00:09 599] lgi        433  msc cver : 5.0.34.1166  
[2018/07/03 10:00:09 599] lgi        476  ns_enable=  1  
[2018/07/03 10:00:09 600] lgi        488  prot_ver=1  
[2018/07/03 10:00:09 600] lgi        499  prot_type=tcp  
[2018/07/03 10:00:09 600] lgi        650  SYS_MSG_UNLOAD  go bg!  
[2018/07/03 10:01:06 231] lgi        654  SYS_MSG_SHUTDOWN  
============================================================
Time  2018/07/03 10:02:04 812 
============================================================
[2018/07/03 10:02:04 812] lgi        641  SYS_MSG_LOAD  
[2018/07/03 10:02:04 814] lgi        663  SYS_MSG_REGCB  msp_status_cb  func(48013510) 
[2018/07/03 10:02:04 814] lgi        292  LGI_MSG_INIT  
[2018/07/03 10:02:04 815] lgi        299  lgi  lgi_  268436457  1504340430  
[2018/07/03 10:02:04 815] lgi        332  lgi params:  appid = 598422f9  
[2018/07/03 10:02:04 815] lgi        346  auth_time_str=  2018/07/03 10:02:04  
[2018/07/03 10:02:04 815] lgi        352  auth_appid=  598422f9  
[2018/07/03 10:02:04 815] lgi        363  token:  nil  
[2018/07/03 10:02:04 815] lgi        433  msc cver : 5.0.34.1166  
[2018/07/03 10:02:04 815] lgi        476  ns_enable=  1  
[2018/07/03 10:02:04 815] lgi        488  prot_ver=1  
[2018/07/03 10:02:04 815] lgi        499  prot_type=tcp  
[2018/07/03 10:02:04 816] lgi        650  SYS_MSG_UNLOAD  go bg!  
[2018/07/03 10:03:09 683] lgi        654  SYS_MSG_SHUTDOWN  
============================================================
Time  2018/07/03 10:03:14 547 
============================================================
[2018/07/03 10:03:14 547] lgi        641  SYS_MSG_LOAD  
[2018/07/03 10:03:14 549] lgi        663  SYS_MSG_REGCB  msp_status_cb  func(d0015f20) 
[2018/07/03 10:03:14 550] lgi        292  LGI_MSG_INIT  
[2018/07/03 10:03:14 550] lgi        299  lgi  lgi_  268436457  1504340430  
[2018/07/03 10:03:14 550] lgi        332  lgi params:  appid = 598422f9  
[2018/07/03 10:03:14 550] lgi        346  auth_time_str=  2018/07/03 10:03:14  
[2018/07/03 10:03:14 550] lgi        352  auth_appid=  598422f9  
[2018/07/03 10:03:14 550] lgi        363  token:  nil  
[2018/07/03 10:03:14 551] lgi        433  msc cver : 5.0.34.1166  
[2018/07/03 10:03:14 551] lgi        476  ns_enable=  1  
[2018/07/03 10:03:14 551] lgi        488  prot_ver=1  
[2018/07/03 10:03:14 551] lgi        499  prot_type=tcp  
[2018/07/03 10:03:14 551] lgi        650  SYS_MSG_UNLOAD  go bg!  
============================================================
Time  2018/07/03 10:09:51 887 
============================================================
[2018/07/03 10:09:51 887] lgi        641  SYS_MSG_LOAD  
[2018/07/03 10:09:51 889] lgi        663  SYS_MSG_REGCB  msp_status_cb  func(a0015f30) 
[2018/07/03 10:09:51 889] lgi        292  LGI_MSG_INIT  
[2018/07/03 10:09:51 889] lgi        299  lgi  lgi_  268436457  1504340430  
[2018/07/03 10:09:51 890] lgi        332  lgi params:  appid = 598422f9  
[2018/07/03 10:09:51 890] lgi        346  auth_time_str=  2018/07/03 10:09:51  
[2018/07/03 10:09:51 890] lgi        352  auth_appid=  598422f9  
[2018/07/03 10:09:51 890] lgi        363  token:  nil  
[2018/07/03 10:09:51 890] lgi        433  msc cver : 5.0.34.1166  
[2018/07/03 10:09:51 890] lgi        476  ns_enable=  1  
[2018/07/03 10:09:51 890] lgi        488  prot_ver=1  
[2018/07/03 10:09:51 890] lgi        499  prot_type=tcp  
[2018/07/03 10:09:51 891] lgi        650  SYS_MSG_UNLOAD  go bg!  
============================================================
Time  2018/07/03 10:13:47 341 
============================================================
[2018/07/03 10:13:47 341] lgi        641  SYS_MSG_LOAD  
[2018/07/03 10:13:47 343] lgi        663  SYS_MSG_REGCB  msp_status_cb  func(40013510) 
[2018/07/03 10:13:47 343] lgi        292  LGI_MSG_INIT  
[2018/07/03 10:13:47 343] lgi        299  lgi  lgi_  268436457  1504340430  
[2018/07/03 10:13:47 344] lgi        332  lgi params:  appid = 598422f9  
[2018/07/03 10:13:47 344] lgi        346  auth_time_str=  2018/07/03 10:13:47  
[2018/07/03 10:13:47 344] lgi        352  auth_appid=  598422f9  
[2018/07/03 10:13:47 344] lgi        363  token:  nil  
[2018/07/03 10:13:47 344] lgi        433  msc cver : 5.0.34.1166  
[2018/07/03 10:13:47 344] lgi        476  ns_enable=  1  
[2018/07/03 10:13:47 344] lgi        488  prot_ver=1  
[2018/07/03 10:13:47 344] lgi        499  prot_type=tcp  
[2018/07/03 10:13:47 345] lgi        650  SYS_MSG_UNLOAD  go bg!  
============================================================
Time  2018/07/03 10:22:08 986 
============================================================
[2018/07/03 10:22:08 986] lgi        641  SYS_MSG_LOAD  
[2018/07/03 10:22:08 988] lgi        663  SYS_MSG_REGCB  msp_status_cb  func(74015f00) 
[2018/07/03 10:22:08 988] lgi        292  LGI_MSG_INIT  
[2018/07/03 10:22:08 989] lgi        299  lgi  lgi_  268436457  1504340430  
[2018/07/03 10:22:08 989] lgi        332  lgi params:  appid = 598422f9  
[2018/07/03 10:22:08 989] lgi        346  auth_time_str=  2018/07/03 10:22:08  
[2018/07/03 10:22:08 989] lgi        352  auth_appid=  598422f9  
[2018/07/03 10:22:08 989] lgi        363  token:  nil  
[2018/07/03 10:22:08 989] lgi        433  msc cver : 5.0.34.1166  
[2018/07/03 10:22:08 989] lgi        476  ns_enable=  1  
[2018/07/03 10:22:08 990] lgi        488  prot_ver=1  
[2018/07/03 10:22:08 990] lgi        499  prot_type=tcp  
[2018/07/03 10:22:08 990] lgi        650  SYS_MSG_UNLOAD  go bg!  
[2018/07/03 10:23:16 926] lgi        654  SYS_MSG_SHUTDOWN  
============================================================
Time  2018/07/03 10:25:44 351 
============================================================
[2018/07/03 10:25:44 351] lgi        641  SYS_MSG_LOAD  
[2018/07/03 10:25:44 353] lgi        663  SYS_MSG_REGCB  msp_status_cb  func(1c015f20) 
[2018/07/03 10:25:44 354] lgi        292  LGI_MSG_INIT  
[2018/07/03 10:25:44 354] lgi        299  lgi  lgi_  268436457  1504340430  
[2018/07/03 10:25:44 354] lgi        332  lgi params:  appid = 598422f9  
[2018/07/03 10:25:44 354] lgi        346  auth_time_str=  2018/07/03 10:25:44  
[2018/07/03 10:25:44 354] lgi        352  auth_appid=  598422f9  
[2018/07/03 10:25:44 354] lgi        363  token:  nil  
[2018/07/03 10:25:44 354] lgi        433  msc cver : 5.0.34.1166  
[2018/07/03 10:25:44 355] lgi        476  ns_enable=  1  
[2018/07/03 10:25:44 355] lgi        488  prot_ver=1  
[2018/07/03 10:25:44 355] lgi        499  prot_type=tcp  
[2018/07/03 10:25:44 355] lgi        650  SYS_MSG_UNLOAD  go bg!  
============================================================
Time  2018/07/03 11:07:16 446 
============================================================
[2018/07/03 11:07:16 446] lgi        641  SYS_MSG_LOAD  
[2018/07/03 11:07:16 449] lgi        663  SYS_MSG_REGCB  msp_status_cb  func(b4013510) 
[2018/07/03 11:07:16 450] lgi        292  LGI_MSG_INIT  
[2018/07/03 11:07:16 450] lgi        299  lgi  lgi_  268436457  1504340430  
[2018/07/03 11:07:16 450] lgi        332  lgi params:  appid = 598422f9  
[2018/07/03 11:07:16 450] lgi        346  auth_time_str=  2018/07/03 11:07:16  
[2018/07/03 11:07:16 450] lgi        352  auth_appid=  598422f9  
[2018/07/03 11:07:16 450] lgi        363  token:  nil  
[2018/07/03 11:07:16 450] lgi        433  msc cver : 5.0.34.1166  
[2018/07/03 11:07:16 451] lgi        476  ns_enable=  1  
[2018/07/03 11:07:16 451] lgi        488  prot_ver=1  
[2018/07/03 11:07:16 451] lgi        499  prot_type=tcp  
[2018/07/03 11:07:16 451] lgi        650  SYS_MSG_UNLOAD  go bg!  
============================================================
Time  2018/07/03 11:08:16 155 
============================================================
[2018/07/03 11:08:16 155] lgi        641  SYS_MSG_LOAD  
[2018/07/03 11:08:16 156] lgi        663  SYS_MSG_REGCB  msp_status_cb  func(3c015f40) 
[2018/07/03 11:08:16 156] lgi        292  LGI_MSG_INIT  
[2018/07/03 11:08:16 156] lgi        299  lgi  lgi_  268436457  1504340430  
[2018/07/03 11:08:16 156] lgi        332  lgi params:  appid = 598422f9  
[2018/07/03 11:08:16 156] lgi        346  auth_time_str=  2018/07/03 11:08:16  
[2018/07/03 11:08:16 156] lgi        352  auth_appid=  598422f9  
[2018/07/03 11:08:16 156] lgi        363  token:  nil  
[2018/07/03 11:08:16 156] lgi        433  msc cver : 5.0.34.1166  
[2018/07/03 11:08:16 156] lgi        476  ns_enable=  1  
[2018/07/03 11:08:16 156] lgi        488  prot_ver=1  
[2018/07/03 11:08:16 156] lgi        499  prot_type=tcp  
[2018/07/03 11:08:16 156] lgi        650  SYS_MSG_UNLOAD  go bg!  
============================================================
Time  2018/07/03 11:12:50 177 
============================================================
[2018/07/03 11:12:50 177] lgi        641  SYS_MSG_LOAD  
[2018/07/03 11:12:50 179] lgi        663  SYS_MSG_REGCB  msp_status_cb  func(bc013510) 
[2018/07/03 11:12:50 179] lgi        292  LGI_MSG_INIT  
[2018/07/03 11:12:50 180] lgi        299  lgi  lgi_  268436457  1504340430  
[2018/07/03 11:12:50 180] lgi        332  lgi params:  appid = 598422f9  
[2018/07/03 11:12:50 180] lgi        346  auth_time_str=  2018/07/03 11:12:50  
[2018/07/03 11:12:50 180] lgi        352  auth_appid=  598422f9  
[2018/07/03 11:12:50 180] lgi        363  token:  nil  
[2018/07/03 11:12:50 180] lgi        433  msc cver : 5.0.34.1166  
[2018/07/03 11:12:50 180] lgi        476  ns_enable=  1  
[2018/07/03 11:12:50 180] lgi        488  prot_ver=1  
[2018/07/03 11:12:50 180] lgi        499  prot_type=tcp  
[2018/07/03 11:12:50 182] lgi        650  SYS_MSG_UNLOAD  go bg!  
============================================================
Time  2018/07/03 11:14:11 625 
============================================================
[2018/07/03 11:14:11 625] lgi        641  SYS_MSG_LOAD  
[2018/07/03 11:14:11 626] lgi        663  SYS_MSG_REGCB  msp_status_cb  func(b8015f20) 
[2018/07/03 11:14:11 627] lgi        292  LGI_MSG_INIT  
[2018/07/03 11:14:11 628] lgi        299  lgi  lgi_  268436457  1504340430  
[2018/07/03 11:14:11 628] lgi        332  lgi params:  appid = 598422f9  
[2018/07/03 11:14:11 628] lgi        346  auth_time_str=  2018/07/03 11:14:11  
[2018/07/03 11:14:11 628] lgi        352  auth_appid=  598422f9  
[2018/07/03 11:14:11 628] lgi        363  token:  nil  
[2018/07/03 11:14:11 628] lgi        433  msc cver : 5.0.34.1166  
[2018/07/03 11:14:11 628] lgi        476  ns_enable=  1  
[2018/07/03 11:14:11 628] lgi        488  prot_ver=1  
[2018/07/03 11:14:11 628] lgi        499  prot_type=tcp  
[2018/07/03 11:14:11 628] lgi        650  SYS_MSG_UNLOAD  go bg!  
============================================================
Time  2018/07/03 11:14:59 217 
============================================================
[2018/07/03 11:14:59 217] lgi        641  SYS_MSG_LOAD  
[2018/07/03 11:14:59 219] lgi        663  SYS_MSG_REGCB  msp_status_cb  func(1c015fb0) 
[2018/07/03 11:14:59 219] lgi        292  LGI_MSG_INIT  
[2018/07/03 11:14:59 220] lgi        299  lgi  lgi_  268436457  1504340430  
[2018/07/03 11:14:59 220] lgi        332  lgi params:  appid = 598422f9  
[2018/07/03 11:14:59 220] lgi        346  auth_time_str=  2018/07/03 11:14:59  
[2018/07/03 11:14:59 220] lgi        352  auth_appid=  598422f9  
[2018/07/03 11:14:59 220] lgi        363  token:  nil  
[2018/07/03 11:14:59 220] lgi        433  msc cver : 5.0.34.1166  
[2018/07/03 11:14:59 220] lgi        476  ns_enable=  1  
[2018/07/03 11:14:59 220] lgi        488  prot_ver=1  
[2018/07/03 11:14:59 220] lgi        499  prot_type=tcp  
[2018/07/03 11:14:59 220] lgi        650  SYS_MSG_UNLOAD  go bg!  
============================================================
Time  2018/07/03 11:17:16 036 
============================================================
[2018/07/03 11:17:16 036] lgi        641  SYS_MSG_LOAD  
[2018/07/03 11:17:16 037] lgi        663  SYS_MSG_REGCB  msp_status_cb  func(38013530) 
[2018/07/03 11:17:16 037] lgi        292  LGI_MSG_INIT  
[2018/07/03 11:17:16 037] lgi        299  lgi  lgi_  268436457  1504340430  
[2018/07/03 11:17:16 038] lgi        332  lgi params:  appid = 598422f9  
[2018/07/03 11:17:16 038] lgi        346  auth_time_str=  2018/07/03 11:17:16  
[2018/07/03 11:17:16 038] lgi        352  auth_appid=  598422f9  
[2018/07/03 11:17:16 038] lgi        363  token:  nil  
[2018/07/03 11:17:16 038] lgi        433  msc cver : 5.0.34.1166  
[2018/07/03 11:17:16 038] lgi        476  ns_enable=  1  
[2018/07/03 11:17:16 038] lgi        488  prot_ver=1  
[2018/07/03 11:17:16 038] lgi        499  prot_type=tcp  
[2018/07/03 11:17:16 038] lgi        650  SYS_MSG_UNLOAD  go bg!  
============================================================
Time  2018/07/03 11:18:03 791 
============================================================
[2018/07/03 11:18:03 791] lgi        641  SYS_MSG_LOAD  
[2018/07/03 11:18:03 793] lgi        663  SYS_MSG_REGCB  msp_status_cb  func(34013530) 
[2018/07/03 11:18:03 794] lgi        292  LGI_MSG_INIT  
[2018/07/03 11:18:03 794] lgi        299  lgi  lgi_  268436457  1504340430  
[2018/07/03 11:18:03 794] lgi        332  lgi params:  appid = 598422f9  
[2018/07/03 11:18:03 794] lgi        346  auth_time_str=  2018/07/03 11:18:03  
[2018/07/03 11:18:03 794] lgi        352  auth_appid=  598422f9  
[2018/07/03 11:18:03 794] lgi        363  token:  nil  
[2018/07/03 11:18:03 794] lgi        433  msc cver : 5.0.34.1166  
[2018/07/03 11:18:03 794] lgi        476  ns_enable=  1  
[2018/07/03 11:18:03 794] lgi        488  prot_ver=1  
[2018/07/03 11:18:03 794] lgi        499  prot_type=tcp  
[2018/07/03 11:18:03 795] lgi        650  SYS_MSG_UNLOAD  go bg!  
============================================================
Time  2018/07/03 11:19:18 453 
============================================================
[2018/07/03 11:19:18 453] lgi        641  SYS_MSG_LOAD  
[2018/07/03 11:19:18 453] lgi        663  SYS_MSG_REGCB  msp_status_cb  func(c8013510) 
[2018/07/03 11:19:18 454] lgi        292  LGI_MSG_INIT  
[2018/07/03 11:19:18 454] lgi        299  lgi  lgi_  268436457  1504340430  
[2018/07/03 11:19:18 454] lgi        332  lgi params:  appid = 598422f9  
[2018/07/03 11:19:18 454] lgi        346  auth_time_str=  2018/07/03 11:19:18  
[2018/07/03 11:19:18 454] lgi        352  auth_appid=  598422f9  
[2018/07/03 11:19:18 454] lgi        363  token:  nil  
[2018/07/03 11:19:18 454] lgi        433  msc cver : 5.0.34.1166  
[2018/07/03 11:19:18 454] lgi        476  ns_enable=  1  
[2018/07/03 11:19:18 454] lgi        488  prot_ver=1  
[2018/07/03 11:19:18 454] lgi        499  prot_type=tcp  
[2018/07/03 11:19:18 454] lgi        650  SYS_MSG_UNLOAD  go bg!  
============================================================
Time  2018/07/03 11:21:46 158 
============================================================
[2018/07/03 11:21:46 158] lgi        641  SYS_MSG_LOAD  
[2018/07/03 11:21:46 160] lgi        663  SYS_MSG_REGCB  msp_status_cb  func(f0013530) 
[2018/07/03 11:21:46 160] lgi        292  LGI_MSG_INIT  
[2018/07/03 11:21:46 160] lgi        299  lgi  lgi_  268436457  1504340430  
[2018/07/03 11:21:46 161] lgi        332  lgi params:  appid = 598422f9  
[2018/07/03 11:21:46 161] lgi        346  auth_time_str=  2018/07/03 11:21:46  
[2018/07/03 11:21:46 161] lgi        352  auth_appid=  598422f9  
[2018/07/03 11:21:46 161] lgi        363  token:  nil  
[2018/07/03 11:21:46 161] lgi        433  msc cver : 5.0.34.1166  
[2018/07/03 11:21:46 161] lgi        476  ns_enable=  1  
[2018/07/03 11:21:46 161] lgi        488  prot_ver=1  
[2018/07/03 11:21:46 161] lgi        499  prot_type=tcp  
[2018/07/03 11:21:46 162] lgi        650  SYS_MSG_UNLOAD  go bg!  
============================================================
Time  2018/07/03 11:23:30 485 
============================================================
[2018/07/03 11:23:30 485] lgi        641  SYS_MSG_LOAD  
[2018/07/03 11:23:30 486] lgi        663  SYS_MSG_REGCB  msp_status_cb  func(ec015f00) 
[2018/07/03 11:23:30 486] lgi        292  LGI_MSG_INIT  
[2018/07/03 11:23:30 486] lgi        299  lgi  lgi_  268436457  1504340430  
[2018/07/03 11:23:30 486] lgi        332  lgi params:  appid = 598422f9  
[2018/07/03 11:23:30 486] lgi        346  auth_time_str=  2018/07/03 11:23:30  
[2018/07/03 11:23:30 486] lgi        352  auth_appid=  598422f9  
[2018/07/03 11:23:30 486] lgi        363  token:  nil  
[2018/07/03 11:23:30 486] lgi        433  msc cver : 5.0.34.1166  
[2018/07/03 11:23:30 486] lgi        476  ns_enable=  1  
[2018/07/03 11:23:30 486] lgi        488  prot_ver=1  
[2018/07/03 11:23:30 486] lgi        499  prot_type=tcp  
[2018/07/03 11:23:30 486] lgi        650  SYS_MSG_UNLOAD  go bg!  
============================================================
Time  2018/07/03 11:24:55 711 
============================================================
[2018/07/03 11:24:55 711] lgi        641  SYS_MSG_LOAD  
[2018/07/03 11:24:55 714] lgi        663  SYS_MSG_REGCB  msp_status_cb  func(20015f20) 
[2018/07/03 11:24:55 714] lgi        292  LGI_MSG_INIT  
[2018/07/03 11:24:55 714] lgi        299  lgi  lgi_  268436457  1504340430  
[2018/07/03 11:24:55 714] lgi        332  lgi params:  appid = 598422f9  
[2018/07/03 11:24:55 714] lgi        346  auth_time_str=  2018/07/03 11:24:55  
[2018/07/03 11:24:55 714] lgi        352  auth_appid=  598422f9  
[2018/07/03 11:24:55 714] lgi        363  token:  nil  
[2018/07/03 11:24:55 715] lgi        433  msc cver : 5.0.34.1166  
[2018/07/03 11:24:55 715] lgi        476  ns_enable=  1  
[2018/07/03 11:24:55 715] lgi        488  prot_ver=1  
[2018/07/03 11:24:55 715] lgi        499  prot_type=tcp  
[2018/07/03 11:24:55 715] lgi        650  SYS_MSG_UNLOAD  go bg!  
[2018/07/03 11:25:04 949] lgi        654  SYS_MSG_SHUTDOWN  
============================================================
Time  2018/07/03 11:27:33 555 
============================================================
[2018/07/03 11:27:33 555] lgi        641  SYS_MSG_LOAD  
[2018/07/03 11:27:33 557] lgi        663  SYS_MSG_REGCB  msp_status_cb  func(f0015fb0) 
[2018/07/03 11:27:33 557] lgi        292  LGI_MSG_INIT  
[2018/07/03 11:27:33 557] lgi        299  lgi  lgi_  268436457  1504340430  
[2018/07/03 11:27:33 557] lgi        332  lgi params:  appid = 598422f9  
[2018/07/03 11:27:33 558] lgi        346  auth_time_str=  2018/07/03 11:27:33  
[2018/07/03 11:27:33 558] lgi        352  auth_appid=  598422f9  
[2018/07/03 11:27:33 558] lgi        363  token:  nil  
[2018/07/03 11:27:33 558] lgi        433  msc cver : 5.0.34.1166  
[2018/07/03 11:27:33 558] lgi        476  ns_enable=  1  
[2018/07/03 11:27:33 558] lgi        488  prot_ver=1  
[2018/07/03 11:27:33 558] lgi        499  prot_type=tcp  
[2018/07/03 11:27:33 559] lgi        650  SYS_MSG_UNLOAD  go bg!  
[2018/07/03 11:28:00 720] lgi        654  SYS_MSG_SHUTDOWN  
============================================================
Time  2018/07/03 11:29:32 769 
============================================================
[2018/07/03 11:29:32 769] lgi        641  SYS_MSG_LOAD  
[2018/07/03 11:29:32 770] lgi        663  SYS_MSG_REGCB  msp_status_cb  func(ec013510) 
[2018/07/03 11:29:32 771] lgi        292  LGI_MSG_INIT  
[2018/07/03 11:29:32 771] lgi        299  lgi  lgi_  268436457  1504340430  
[2018/07/03 11:29:32 771] lgi        332  lgi params:  appid = 598422f9  
[2018/07/03 11:29:32 771] lgi        346  auth_time_str=  2018/07/03 11:29:32  
[2018/07/03 11:29:32 771] lgi        352  auth_appid=  598422f9  
[2018/07/03 11:29:32 771] lgi        363  token:  nil  
[2018/07/03 11:29:32 771] lgi        433  msc cver : 5.0.34.1166  
[2018/07/03 11:29:32 771] lgi        476  ns_enable=  1  
[2018/07/03 11:29:32 771] lgi        488  prot_ver=1  
[2018/07/03 11:29:32 771] lgi        499  prot_type=tcp  
[2018/07/03 11:29:32 773] lgi        650  SYS_MSG_UNLOAD  go bg!  
[2018/07/03 11:29:42 050] lgi        654  SYS_MSG_SHUTDOWN  
============================================================
Time  2018/07/03 11:29:49 050 
============================================================
[2018/07/03 11:29:49 050] lgi        641  SYS_MSG_LOAD  
[2018/07/03 11:29:49 052] lgi        663  SYS_MSG_REGCB  msp_status_cb  func(b4013510) 
[2018/07/03 11:29:49 052] lgi        292  LGI_MSG_INIT  
[2018/07/03 11:29:49 052] lgi        299  lgi  lgi_  268436457  1504340430  
[2018/07/03 11:29:49 052] lgi        332  lgi params:  appid = 598422f9  
[2018/07/03 11:29:49 052] lgi        346  auth_time_str=  2018/07/03 11:29:49  
[2018/07/03 11:29:49 052] lgi        352  auth_appid=  598422f9  
[2018/07/03 11:29:49 053] lgi        363  token:  nil  
[2018/07/03 11:29:49 053] lgi        433  msc cver : 5.0.34.1166  
[2018/07/03 11:29:49 053] lgi        476  ns_enable=  1  
[2018/07/03 11:29:49 053] lgi        488  prot_ver=1  
[2018/07/03 11:29:49 053] lgi        499  prot_type=tcp  
[2018/07/03 11:29:49 054] lgi        650  SYS_MSG_UNLOAD  go bg!  
[2018/07/03 11:29:58 521] lgi        654  SYS_MSG_SHUTDOWN  
============================================================
Time  2018/07/03 14:19:18 580 
============================================================
[2018/07/03 14:19:18 580] lgi        641  SYS_MSG_LOAD  
[2018/07/03 14:19:18 581] lgi        663  SYS_MSG_REGCB  msp_status_cb  func(10015f20) 
[2018/07/03 14:19:18 581] lgi        292  LGI_MSG_INIT  
[2018/07/03 14:19:18 581] lgi        299  lgi  lgi_  268436457  1504340430  
[2018/07/03 14:19:18 581] lgi        332  lgi params:  appid = 598422f9  
[2018/07/03 14:19:18 581] lgi        346  auth_time_str=  2018/07/03 14:19:18  
[2018/07/03 14:19:18 581] lgi        352  auth_appid=  598422f9  
[2018/07/03 14:19:18 582] lgi        363  token:  nil  
[2018/07/03 14:19:18 582] lgi        433  msc cver : 5.0.34.1166  
[2018/07/03 14:19:18 582] lgi        476  ns_enable=  1  
[2018/07/03 14:19:18 582] lgi        488  prot_ver=1  
[2018/07/03 14:19:18 582] lgi        499  prot_type=tcp  
[2018/07/03 14:19:18 582] lgi        650  SYS_MSG_UNLOAD  go bg!  
[2018/07/03 14:19:34 569] lgi        654  SYS_MSG_SHUTDOWN  
============================================================
Time  2018/07/03 14:22:03 812 
============================================================
[2018/07/03 14:22:03 812] lgi        641  SYS_MSG_LOAD  
[2018/07/03 14:22:03 814] lgi        663  SYS_MSG_REGCB  msp_status_cb  func(48015f00) 
[2018/07/03 14:22:03 815] lgi        292  LGI_MSG_INIT  
[2018/07/03 14:22:03 815] lgi        299  lgi  lgi_  268436457  1504340430  
[2018/07/03 14:22:03 815] lgi        332  lgi params:  appid = 598422f9  
[2018/07/03 14:22:03 815] lgi        346  auth_time_str=  2018/07/03 14:22:03  
[2018/07/03 14:22:03 815] lgi        352  auth_appid=  598422f9  
[2018/07/03 14:22:03 815] lgi        363  token:  nil  
[2018/07/03 14:22:03 815] lgi        433  msc cver : 5.0.34.1166  
[2018/07/03 14:22:03 815] lgi        476  ns_enable=  1  
[2018/07/03 14:22:03 815] lgi        488  prot_ver=1  
[2018/07/03 14:22:03 816] lgi        499  prot_type=tcp  
[2018/07/03 14:22:03 816] lgi        650  SYS_MSG_UNLOAD  go bg!  
============================================================
Time  2018/07/03 14:22:32 169 
============================================================
[2018/07/03 14:22:32 169] lgi        641  SYS_MSG_LOAD  
[2018/07/03 14:22:32 171] lgi        663  SYS_MSG_REGCB  msp_status_cb  func(d0015f20) 
[2018/07/03 14:22:32 172] lgi        292  LGI_MSG_INIT  
[2018/07/03 14:22:32 172] lgi        299  lgi  lgi_  268436457  1504340430  
[2018/07/03 14:22:32 172] lgi        332  lgi params:  appid = 598422f9  
[2018/07/03 14:22:32 172] lgi        346  auth_time_str=  2018/07/03 14:22:32  
[2018/07/03 14:22:32 172] lgi        352  auth_appid=  598422f9  
[2018/07/03 14:22:32 172] lgi        363  token:  nil  
[2018/07/03 14:22:32 172] lgi        433  msc cver : 5.0.34.1166  
[2018/07/03 14:22:32 172] lgi        476  ns_enable=  1  
[2018/07/03 14:22:32 172] lgi        488  prot_ver=1  
[2018/07/03 14:22:32 172] lgi        499  prot_type=tcp  
[2018/07/03 14:22:32 173] lgi        650  SYS_MSG_UNLOAD  go bg!  
[2018/07/03 14:22:41 969] lgi        654  SYS_MSG_SHUTDOWN  
============================================================
Time  2018/07/03 14:24:02 836 
============================================================
[2018/07/03 14:24:02 836] lgi        641  SYS_MSG_LOAD  
[2018/07/03 14:24:02 838] lgi        663  SYS_MSG_REGCB  msp_status_cb  func(a4015f30) 
[2018/07/03 14:24:02 838] lgi        292  LGI_MSG_INIT  
[2018/07/03 14:24:02 838] lgi        299  lgi  lgi_  268436457  1504340430  
[2018/07/03 14:24:02 839] lgi        332  lgi params:  appid = 598422f9  
[2018/07/03 14:24:02 839] lgi        346  auth_time_str=  2018/07/03 14:24:02  
[2018/07/03 14:24:02 839] lgi        352  auth_appid=  598422f9  
[2018/07/03 14:24:02 839] lgi        363  token:  nil  
[2018/07/03 14:24:02 839] lgi        433  msc cver : 5.0.34.1166  
[2018/07/03 14:24:02 839] lgi        476  ns_enable=  1  
[2018/07/03 14:24:02 839] lgi        488  prot_ver=1  
[2018/07/03 14:24:02 839] lgi        499  prot_type=tcp  
[2018/07/03 14:24:02 840] lgi        650  SYS_MSG_UNLOAD  go bg!  
[2018/07/03 14:24:10 051] lgi        654  SYS_MSG_SHUTDOWN  
============================================================
Time  2018/07/03 14:24:36 862 
============================================================
[2018/07/03 14:24:36 862] lgi        641  SYS_MSG_LOAD  
[2018/07/03 14:24:36 863] lgi        663  SYS_MSG_REGCB  msp_status_cb  func(88013510) 
[2018/07/03 14:24:36 864] lgi        292  LGI_MSG_INIT  
[2018/07/03 14:24:36 864] lgi        299  lgi  lgi_  268436457  1504340430  
[2018/07/03 14:24:36 864] lgi        332  lgi params:  appid = 598422f9  
[2018/07/03 14:24:36 864] lgi        346  auth_time_str=  2018/07/03 14:24:36  
[2018/07/03 14:24:36 864] lgi        352  auth_appid=  598422f9  
[2018/07/03 14:24:36 864] lgi        363  token:  nil  
[2018/07/03 14:24:36 864] lgi        433  msc cver : 5.0.34.1166  
[2018/07/03 14:24:36 864] lgi        476  ns_enable=  1  
[2018/07/03 14:24:36 864] lgi        488  prot_ver=1  
[2018/07/03 14:24:36 864] lgi        499  prot_type=tcp  
[2018/07/03 14:24:36 867] lgi        650  SYS_MSG_UNLOAD  go bg!  
[2018/07/03 14:24:46 215] lgi        654  SYS_MSG_SHUTDOWN  
============================================================
Time  2018/07/03 14:27:12 748 
============================================================
[2018/07/03 14:27:12 748] lgi        641  SYS_MSG_LOAD  
[2018/07/03 14:27:12 750] lgi        663  SYS_MSG_REGCB  msp_status_cb  func(dc013530) 
[2018/07/03 14:27:12 750] lgi        292  LGI_MSG_INIT  
[2018/07/03 14:27:12 750] lgi        299  lgi  lgi_  268436457  1504340430  
[2018/07/03 14:27:12 750] lgi        332  lgi params:  appid = 598422f9  
[2018/07/03 14:27:12 750] lgi        346  auth_time_str=  2018/07/03 14:27:12  
[2018/07/03 14:27:12 751] lgi        352  auth_appid=  598422f9  
[2018/07/03 14:27:12 751] lgi        363  token:  nil  
[2018/07/03 14:27:12 751] lgi        433  msc cver : 5.0.34.1166  
[2018/07/03 14:27:12 751] lgi        476  ns_enable=  1  
[2018/07/03 14:27:12 751] lgi        488  prot_ver=1  
[2018/07/03 14:27:12 751] lgi        499  prot_type=tcp  
[2018/07/03 14:27:12 752] lgi        650  SYS_MSG_UNLOAD  go bg!  
[2018/07/03 14:27:20 754] lgi        654  SYS_MSG_SHUTDOWN  
============================================================
Time  2018/07/03 14:29:05 710 
============================================================
[2018/07/03 14:29:05 710] lgi        641  SYS_MSG_LOAD  
[2018/07/03 14:29:05 712] lgi        663  SYS_MSG_REGCB  msp_status_cb  func(d0015f30) 
[2018/07/03 14:29:05 713] lgi        292  LGI_MSG_INIT  
[2018/07/03 14:29:05 713] lgi        299  lgi  lgi_  268436457  1504340430  
[2018/07/03 14:29:05 713] lgi        332  lgi params:  appid = 598422f9  
[2018/07/03 14:29:05 713] lgi        346  auth_time_str=  2018/07/03 14:29:05  
[2018/07/03 14:29:05 713] lgi        352  auth_appid=  598422f9  
[2018/07/03 14:29:05 713] lgi        363  token:  nil  
[2018/07/03 14:29:05 713] lgi        433  msc cver : 5.0.34.1166  
[2018/07/03 14:29:05 714] lgi        476  ns_enable=  1  
[2018/07/03 14:29:05 714] lgi        488  prot_ver=1  
[2018/07/03 14:29:05 714] lgi        499  prot_type=tcp  
[2018/07/03 14:29:05 714] lgi        650  SYS_MSG_UNLOAD  go bg!  
[2018/07/03 14:29:14 756] lgi        654  SYS_MSG_SHUTDOWN  
============================================================
Time  2018/07/03 14:34:59 734 
============================================================
[2018/07/03 14:34:59 734] lgi        641  SYS_MSG_LOAD  
[2018/07/03 14:34:59 735] lgi        663  SYS_MSG_REGCB  msp_status_cb  func(d8015f20) 
[2018/07/03 14:34:59 736] lgi        292  LGI_MSG_INIT  
[2018/07/03 14:34:59 736] lgi        299  lgi  lgi_  268436457  1504340430  
[2018/07/03 14:34:59 736] lgi        332  lgi params:  appid = 598422f9  
[2018/07/03 14:34:59 736] lgi        346  auth_time_str=  2018/07/03 14:34:59  
[2018/07/03 14:34:59 736] lgi        352  auth_appid=  598422f9  
[2018/07/03 14:34:59 736] lgi        363  token:  nil  
[2018/07/03 14:34:59 736] lgi        433  msc cver : 5.0.34.1166  
[2018/07/03 14:34:59 736] lgi        476  ns_enable=  1  
[2018/07/03 14:34:59 736] lgi        488  prot_ver=1  
[2018/07/03 14:34:59 736] lgi        499  prot_type=tcp  
[2018/07/03 14:34:59 736] lgi        650  SYS_MSG_UNLOAD  go bg!  
[2018/07/03 14:35:00 040] lgi        654  SYS_MSG_SHUTDOWN  
============================================================
Time  2018/07/03 14:35:16 752 
============================================================
[2018/07/03 14:35:16 752] lgi        641  SYS_MSG_LOAD  
[2018/07/03 14:35:16 753] lgi        663  SYS_MSG_REGCB  msp_status_cb  func(c8013530) 
[2018/07/03 14:35:16 754] lgi        292  LGI_MSG_INIT  
[2018/07/03 14:35:16 754] lgi        299  lgi  lgi_  268436457  1504340430  
[2018/07/03 14:35:16 754] lgi        332  lgi params:  appid = 598422f9  
[2018/07/03 14:35:16 754] lgi        346  auth_time_str=  2018/07/03 14:35:16  
[2018/07/03 14:35:16 754] lgi        352  auth_appid=  598422f9  
[2018/07/03 14:35:16 754] lgi        363  token:  nil  
[2018/07/03 14:35:16 754] lgi        433  msc cver : 5.0.34.1166  
[2018/07/03 14:35:16 754] lgi        476  ns_enable=  1  
[2018/07/03 14:35:16 754] lgi        488  prot_ver=1  
[2018/07/03 14:35:16 754] lgi        499  prot_type=tcp  
[2018/07/03 14:35:16 755] lgi        650  SYS_MSG_UNLOAD  go bg!  
[2018/07/03 14:35:17 058] lgi        654  SYS_MSG_SHUTDOWN  
============================================================
Time  2018/07/03 14:35:23 187 
============================================================
[2018/07/03 14:35:23 187] lgi        641  SYS_MSG_LOAD  
[2018/07/03 14:35:23 189] lgi        663  SYS_MSG_REGCB  msp_status_cb  func(5c015f20) 
[2018/07/03 14:35:23 189] lgi        292  LGI_MSG_INIT  
[2018/07/03 14:35:23 189] lgi        299  lgi  lgi_  268436457  1504340430  
[2018/07/03 14:35:23 190] lgi        332  lgi params:  appid = 598422f9  
[2018/07/03 14:35:23 190] lgi        346  auth_time_str=  2018/07/03 14:35:23  
[2018/07/03 14:35:23 190] lgi        352  auth_appid=  598422f9  
[2018/07/03 14:35:23 190] lgi        363  token:  nil  
[2018/07/03 14:35:23 190] lgi        433  msc cver : 5.0.34.1166  
[2018/07/03 14:35:23 190] lgi        476  ns_enable=  1  
[2018/07/03 14:35:23 190] lgi        488  prot_ver=1  
[2018/07/03 14:35:23 190] lgi        499  prot_type=tcp  
[2018/07/03 14:35:23 191] lgi        650  SYS_MSG_UNLOAD  go bg!  
[2018/07/03 14:35:25 222] lgi        654  SYS_MSG_SHUTDOWN  
============================================================
Time  2018/07/03 14:37:08 932 
============================================================
[2018/07/03 14:37:08 932] lgi        641  SYS_MSG_LOAD  
[2018/07/03 14:37:08 934] lgi        663  SYS_MSG_REGCB  msp_status_cb  func(4015f20) 
[2018/07/03 14:37:08 934] lgi        292  LGI_MSG_INIT  
[2018/07/03 14:37:08 934] lgi        299  lgi  lgi_  268436457  1504340430  
[2018/07/03 14:37:08 934] lgi        332  lgi params:  appid = 598422f9  
[2018/07/03 14:37:08 934] lgi        346  auth_time_str=  2018/07/03 14:37:08  
[2018/07/03 14:37:08 934] lgi        352  auth_appid=  598422f9  
[2018/07/03 14:37:08 935] lgi        363  token:  nil  
[2018/07/03 14:37:08 935] lgi        433  msc cver : 5.0.34.1166  
[2018/07/03 14:37:08 935] lgi        476  ns_enable=  1  
[2018/07/03 14:37:08 935] lgi        488  prot_ver=1  
[2018/07/03 14:37:08 935] lgi        499  prot_type=tcp  
[2018/07/03 14:37:08 936] lgi        650  SYS_MSG_UNLOAD  go bg!  
[2018/07/03 14:37:23 774] lgi        654  SYS_MSG_SHUTDOWN  
============================================================
Time  2018/07/03 14:37:43 214 
============================================================
[2018/07/03 14:37:43 214] lgi        641  SYS_MSG_LOAD  
[2018/07/03 14:37:43 217] lgi        663  SYS_MSG_REGCB  msp_status_cb  func(98015f30) 
[2018/07/03 14:37:43 217] lgi        292  LGI_MSG_INIT  
[2018/07/03 14:37:43 217] lgi        299  lgi  lgi_  268436457  1504340430  
[2018/07/03 14:37:43 218] lgi        332  lgi params:  appid = 598422f9  
[2018/07/03 14:37:43 218] lgi        346  auth_time_str=  2018/07/03 14:37:43  
[2018/07/03 14:37:43 218] lgi        352  auth_appid=  598422f9  
[2018/07/03 14:37:43 218] lgi        363  token:  nil  
[2018/07/03 14:37:43 218] lgi        433  msc cver : 5.0.34.1166  
[2018/07/03 14:37:43 218] lgi        476  ns_enable=  1  
[2018/07/03 14:37:43 218] lgi        488  prot_ver=1  
[2018/07/03 14:37:43 218] lgi        499  prot_type=tcp  
[2018/07/03 14:37:43 219] lgi        650  SYS_MSG_UNLOAD  go bg!  
============================================================
Time  2018/07/03 14:39:29 701 
============================================================
[2018/07/03 14:39:29 701] lgi        641  SYS_MSG_LOAD  
[2018/07/03 14:39:29 703] lgi        663  SYS_MSG_REGCB  msp_status_cb  func(58013510) 
[2018/07/03 14:39:29 703] lgi        292  LGI_MSG_INIT  
[2018/07/03 14:39:29 703] lgi        299  lgi  lgi_  268436457  1504340430  
[2018/07/03 14:39:29 704] lgi        332  lgi params:  appid = 598422f9  
[2018/07/03 14:39:29 704] lgi        346  auth_time_str=  2018/07/03 14:39:29  
[2018/07/03 14:39:29 704] lgi        352  auth_appid=  598422f9  
[2018/07/03 14:39:29 704] lgi        363  token:  nil  
[2018/07/03 14:39:29 704] lgi        433  msc cver : 5.0.34.1166  
[2018/07/03 14:39:29 704] lgi        476  ns_enable=  1  
[2018/07/03 14:39:29 704] lgi        488  prot_ver=1  
[2018/07/03 14:39:29 704] lgi        499  prot_type=tcp  
[2018/07/03 14:39:29 705] lgi        650  SYS_MSG_UNLOAD  go bg!  
[2018/07/03 14:39:40 043] lgi        654  SYS_MSG_SHUTDOWN  
============================================================
Time  2018/07/03 14:40:01 570 
============================================================
[2018/07/03 14:40:01 570] lgi        641  SYS_MSG_LOAD  
[2018/07/03 14:40:01 572] lgi        663  SYS_MSG_REGCB  msp_status_cb  func(44013530) 
[2018/07/03 14:40:01 572] lgi        292  LGI_MSG_INIT  
[2018/07/03 14:40:01 572] lgi        299  lgi  lgi_  268436457  1504340430  
[2018/07/03 14:40:01 572] lgi        332  lgi params:  appid = 598422f9  
[2018/07/03 14:40:01 573] lgi        346  auth_time_str=  2018/07/03 14:40:01  
[2018/07/03 14:40:01 573] lgi        352  auth_appid=  598422f9  
[2018/07/03 14:40:01 573] lgi        363  token:  nil  
[2018/07/03 14:40:01 573] lgi        433  msc cver : 5.0.34.1166  
[2018/07/03 14:40:01 573] lgi        476  ns_enable=  1  
[2018/07/03 14:40:01 573] lgi        488  prot_ver=1  
[2018/07/03 14:40:01 573] lgi        499  prot_type=tcp  
[2018/07/03 14:40:01 574] lgi        650  SYS_MSG_UNLOAD  go bg!  
============================================================
Time  2018/07/03 14:44:51 283 
============================================================
[2018/07/03 14:44:51 283] lgi        641  SYS_MSG_LOAD  
[2018/07/03 14:44:51 285] lgi        663  SYS_MSG_REGCB  msp_status_cb  func(50013530) 
[2018/07/03 14:44:51 285] lgi        292  LGI_MSG_INIT  
[2018/07/03 14:44:51 285] lgi        299  lgi  lgi_  268436457  1504340430  
[2018/07/03 14:44:51 286] lgi        332  lgi params:  appid = 598422f9  
[2018/07/03 14:44:51 286] lgi        346  auth_time_str=  2018/07/03 14:44:51  
[2018/07/03 14:44:51 286] lgi        352  auth_appid=  598422f9  
[2018/07/03 14:44:51 286] lgi        363  token:  nil  
[2018/07/03 14:44:51 286] lgi        433  msc cver : 5.0.34.1166  
[2018/07/03 14:44:51 286] lgi        476  ns_enable=  1  
[2018/07/03 14:44:51 286] lgi        488  prot_ver=1  
[2018/07/03 14:44:51 286] lgi        499  prot_type=tcp  
[2018/07/03 14:44:51 286] lgi        650  SYS_MSG_UNLOAD  go bg!  
[2018/07/03 14:45:17 037] lgi        654  SYS_MSG_SHUTDOWN  
============================================================
Time  2018/07/03 14:45:25 180 
============================================================
[2018/07/03 14:45:25 180] lgi        641  SYS_MSG_LOAD  
[2018/07/03 14:45:25 182] lgi        663  SYS_MSG_REGCB  msp_status_cb  func(2c015f30) 
[2018/07/03 14:45:25 183] lgi        292  LGI_MSG_INIT  
[2018/07/03 14:45:25 183] lgi        299  lgi  lgi_  268436457  1504340430  
[2018/07/03 14:45:25 183] lgi        332  lgi params:  appid = 598422f9  
[2018/07/03 14:45:25 183] lgi        346  auth_time_str=  2018/07/03 14:45:25  
[2018/07/03 14:45:25 183] lgi        352  auth_appid=  598422f9  
[2018/07/03 14:45:25 183] lgi        363  token:  nil  
[2018/07/03 14:45:25 183] lgi        433  msc cver : 5.0.34.1166  
[2018/07/03 14:45:25 183] lgi        476  ns_enable=  1  
[2018/07/03 14:45:25 183] lgi        488  prot_ver=1  
[2018/07/03 14:45:25 184] lgi        499  prot_type=tcp  
[2018/07/03 14:45:25 184] lgi        650  SYS_MSG_UNLOAD  go bg!  
[2018/07/03 14:45:32 816] lgi        654  SYS_MSG_SHUTDOWN  
============================================================
Time  2018/07/03 14:45:45 949 
============================================================
[2018/07/03 14:45:45 949] lgi        641  SYS_MSG_LOAD  
[2018/07/03 14:45:45 951] lgi        663  SYS_MSG_REGCB  msp_status_cb  func(10015f20) 
[2018/07/03 14:45:45 951] lgi        292  LGI_MSG_INIT  
[2018/07/03 14:45:45 951] lgi        299  lgi  lgi_  268436457  1504340430  
[2018/07/03 14:45:45 951] lgi        332  lgi params:  appid = 598422f9  
[2018/07/03 14:45:45 951] lgi        346  auth_time_str=  2018/07/03 14:45:45  
[2018/07/03 14:45:45 951] lgi        352  auth_appid=  598422f9  
[2018/07/03 14:45:45 952] lgi        363  token:  nil  
[2018/07/03 14:45:45 952] lgi        433  msc cver : 5.0.34.1166  
[2018/07/03 14:45:45 952] lgi        476  ns_enable=  1  
[2018/07/03 14:45:45 952] lgi        488  prot_ver=1  
[2018/07/03 14:45:45 952] lgi        499  prot_type=tcp  
[2018/07/03 14:45:45 952] lgi        650  SYS_MSG_UNLOAD  go bg!  
[2018/07/03 14:45:56 230] lgi        654  SYS_MSG_SHUTDOWN  
============================================================
Time  2018/07/03 14:46:20 909 
============================================================
[2018/07/03 14:46:20 909] lgi        641  SYS_MSG_LOAD  
[2018/07/03 14:46:20 911] lgi        663  SYS_MSG_REGCB  msp_status_cb  func(34013510) 
[2018/07/03 14:46:20 912] lgi        292  LGI_MSG_INIT  
[2018/07/03 14:46:20 912] lgi        299  lgi  lgi_  268436457  1504340430  
[2018/07/03 14:46:20 912] lgi        332  lgi params:  appid = 598422f9  
[2018/07/03 14:46:20 912] lgi        346  auth_time_str=  2018/07/03 14:46:20  
[2018/07/03 14:46:20 912] lgi        352  auth_appid=  598422f9  
[2018/07/03 14:46:20 912] lgi        363  token:  nil  
[2018/07/03 14:46:20 912] lgi        433  msc cver : 5.0.34.1166  
[2018/07/03 14:46:20 912] lgi        476  ns_enable=  1  
[2018/07/03 14:46:20 912] lgi        488  prot_ver=1  
[2018/07/03 14:46:20 912] lgi        499  prot_type=tcp  
[2018/07/03 14:46:20 913] lgi        650  SYS_MSG_UNLOAD  go bg!  
[2018/07/03 14:47:04 245] lgi        654  SYS_MSG_SHUTDOWN  
============================================================
Time  2018/07/03 14:57:06 032 
============================================================
[2018/07/03 14:57:06 032] lgi        641  SYS_MSG_LOAD  
[2018/07/03 14:57:06 033] lgi        663  SYS_MSG_REGCB  msp_status_cb  func(a4015f20) 
[2018/07/03 14:57:06 038] lgi        292  LGI_MSG_INIT  
[2018/07/03 14:57:06 038] lgi        299  lgi  lgi_  268436457  1504340430  
[2018/07/03 14:57:06 038] lgi        332  lgi params:  appid = 598422f9  
[2018/07/03 14:57:06 038] lgi        346  auth_time_str=  2018/07/03 14:57:06  
[2018/07/03 14:57:06 038] lgi        352  auth_appid=  598422f9  
[2018/07/03 14:57:06 038] lgi        363  token:  nil  
[2018/07/03 14:57:06 038] lgi        433  msc cver : 5.0.34.1166  
[2018/07/03 14:57:06 038] lgi        476  ns_enable=  1  
[2018/07/03 14:57:06 038] lgi        488  prot_ver=1  
[2018/07/03 14:57:06 038] lgi        499  prot_type=tcp  
[2018/07/03 14:57:06 039] lgi        650  SYS_MSG_UNLOAD  go bg!  
[2018/07/03 14:57:44 008] lgi        654  SYS_MSG_SHUTDOWN  
============================================================
Time  2018/07/03 15:01:34 531 
============================================================
[2018/07/03 15:01:34 531] lgi        641  SYS_MSG_LOAD  
[2018/07/03 15:01:34 532] lgi        663  SYS_MSG_REGCB  msp_status_cb  func(70013530) 
[2018/07/03 15:01:34 532] lgi        292  LGI_MSG_INIT  
[2018/07/03 15:01:34 532] lgi        299  lgi  lgi_  268436457  1504340430  
[2018/07/03 15:01:34 532] lgi        332  lgi params:  appid = 598422f9  
[2018/07/03 15:01:34 532] lgi        346  auth_time_str=  2018/07/03 15:01:34  
[2018/07/03 15:01:34 532] lgi        352  auth_appid=  598422f9  
[2018/07/03 15:01:34 532] lgi        363  token:  nil  
[2018/07/03 15:01:34 532] lgi        433  msc cver : 5.0.34.1166  
[2018/07/03 15:01:34 532] lgi        476  ns_enable=  1  
[2018/07/03 15:01:34 532] lgi        488  prot_ver=1  
[2018/07/03 15:01:34 532] lgi        499  prot_type=tcp  
[2018/07/03 15:01:34 532] lgi        650  SYS_MSG_UNLOAD  go bg!  
============================================================
Time  2018/07/03 15:03:36 479 
============================================================
[2018/07/03 15:03:36 479] lgi        641  SYS_MSG_LOAD  
[2018/07/03 15:03:36 479] lgi        663  SYS_MSG_REGCB  msp_status_cb  func(3c013530) 
[2018/07/03 15:03:36 480] lgi        292  LGI_MSG_INIT  
[2018/07/03 15:03:36 480] lgi        299  lgi  lgi_  268436457  1504340430  
[2018/07/03 15:03:36 480] lgi        332  lgi params:  appid = 598422f9  
[2018/07/03 15:03:36 480] lgi        346  auth_time_str=  2018/07/03 15:03:36  
[2018/07/03 15:03:36 480] lgi        352  auth_appid=  598422f9  
[2018/07/03 15:03:36 480] lgi        363  token:  nil  
[2018/07/03 15:03:36 480] lgi        433  msc cver : 5.0.34.1166  
[2018/07/03 15:03:36 480] lgi        476  ns_enable=  1  
[2018/07/03 15:03:36 481] lgi        488  prot_ver=1  
[2018/07/03 15:03:36 481] lgi        499  prot_type=tcp  
[2018/07/03 15:03:36 482] lgi        650  SYS_MSG_UNLOAD  go bg!  
[2018/07/03 15:03:54 275] lgi        654  SYS_MSG_SHUTDOWN  
============================================================
Time  2018/07/03 15:04:15 630 
============================================================
[2018/07/03 15:04:15 630] lgi        641  SYS_MSG_LOAD  
[2018/07/03 15:04:15 630] lgi        663  SYS_MSG_REGCB  msp_status_cb  func(cc013530) 
[2018/07/03 15:04:15 630] lgi        292  LGI_MSG_INIT  
[2018/07/03 15:04:15 631] lgi        299  lgi  lgi_  268436457  1504340430  
[2018/07/03 15:04:15 631] lgi        332  lgi params:  appid = 598422f9  
[2018/07/03 15:04:15 631] lgi        346  auth_time_str=  2018/07/03 15:04:15  
[2018/07/03 15:04:15 631] lgi        352  auth_appid=  598422f9  
[2018/07/03 15:04:15 631] lgi        363  token:  nil  
[2018/07/03 15:04:15 631] lgi        433  msc cver : 5.0.34.1166  
[2018/07/03 15:04:15 631] lgi        476  ns_enable=  1  
[2018/07/03 15:04:15 631] lgi        488  prot_ver=1  
[2018/07/03 15:04:15 631] lgi        499  prot_type=tcp  
[2018/07/03 15:04:15 631] lgi        650  SYS_MSG_UNLOAD  go bg!  
[2018/07/03 15:04:37 583] lgi        654  SYS_MSG_SHUTDOWN  
============================================================
Time  2018/07/03 15:05:00 140 
============================================================
[2018/07/03 15:05:00 140] lgi        641  SYS_MSG_LOAD  
[2018/07/03 15:05:00 140] lgi        663  SYS_MSG_REGCB  msp_status_cb  func(18015f20) 
[2018/07/03 15:05:00 141] lgi        292  LGI_MSG_INIT  
[2018/07/03 15:05:00 141] lgi        299  lgi  lgi_  268436457  1504340430  
[2018/07/03 15:05:00 141] lgi        332  lgi params:  appid = 598422f9  
[2018/07/03 15:05:00 141] lgi        346  auth_time_str=  2018/07/03 15:05:00  
[2018/07/03 15:05:00 141] lgi        352  auth_appid=  598422f9  
[2018/07/03 15:05:00 141] lgi        363  token:  nil  
[2018/07/03 15:05:00 141] lgi        433  msc cver : 5.0.34.1166  
[2018/07/03 15:05:00 141] lgi        476  ns_enable=  1  
[2018/07/03 15:05:00 141] lgi        488  prot_ver=1  
[2018/07/03 15:05:00 141] lgi        499  prot_type=tcp  
[2018/07/03 15:05:00 142] lgi        650  SYS_MSG_UNLOAD  go bg!  
============================================================
Time  2018/07/03 15:05:14 702 
============================================================
[2018/07/03 15:05:14 702] lgi        641  SYS_MSG_LOAD  
[2018/07/03 15:05:14 704] lgi        663  SYS_MSG_REGCB  msp_status_cb  func(e0015f30) 
[2018/07/03 15:05:14 705] lgi        292  LGI_MSG_INIT  
[2018/07/03 15:05:14 705] lgi        299  lgi  lgi_  268436457  1504340430  
[2018/07/03 15:05:14 705] lgi        332  lgi params:  appid = 598422f9  
[2018/07/03 15:05:14 705] lgi        346  auth_time_str=  2018/07/03 15:05:14  
[2018/07/03 15:05:14 705] lgi        352  auth_appid=  598422f9  
[2018/07/03 15:05:14 705] lgi        363  token:  nil  
[2018/07/03 15:05:14 705] lgi        433  msc cver : 5.0.34.1166  
[2018/07/03 15:05:14 705] lgi        476  ns_enable=  1  
[2018/07/03 15:05:14 706] lgi        488  prot_ver=1  
[2018/07/03 15:05:14 706] lgi        499  prot_type=tcp  
[2018/07/03 15:05:14 706] lgi        650  SYS_MSG_UNLOAD  go bg!  
============================================================
Time  2018/07/03 15:05:37 190 
============================================================
[2018/07/03 15:05:37 190] lgi        641  SYS_MSG_LOAD  
[2018/07/03 15:05:37 191] lgi        663  SYS_MSG_REGCB  msp_status_cb  func(78015f00) 
[2018/07/03 15:05:37 191] lgi        292  LGI_MSG_INIT  
[2018/07/03 15:05:37 191] lgi        299  lgi  lgi_  268436457  1504340430  
[2018/07/03 15:05:37 191] lgi        332  lgi params:  appid = 598422f9  
[2018/07/03 15:05:37 191] lgi        346  auth_time_str=  2018/07/03 15:05:37  
[2018/07/03 15:05:37 191] lgi        352  auth_appid=  598422f9  
[2018/07/03 15:05:37 191] lgi        363  token:  nil  
[2018/07/03 15:05:37 192] lgi        433  msc cver : 5.0.34.1166  
[2018/07/03 15:05:37 192] lgi        476  ns_enable=  1  
[2018/07/03 15:05:37 192] lgi        488  prot_ver=1  
[2018/07/03 15:05:37 192] lgi        499  prot_type=tcp  
[2018/07/03 15:05:37 195] lgi        650  SYS_MSG_UNLOAD  go bg!  
============================================================
Time  2018/07/03 15:06:51 729 
============================================================
[2018/07/03 15:06:51 729] lgi        641  SYS_MSG_LOAD  
[2018/07/03 15:06:51 730] lgi        663  SYS_MSG_REGCB  msp_status_cb  func(34015f20) 
[2018/07/03 15:06:51 730] lgi        292  LGI_MSG_INIT  
[2018/07/03 15:06:51 730] lgi        299  lgi  lgi_  268436457  1504340430  
[2018/07/03 15:06:51 730] lgi        332  lgi params:  appid = 598422f9  
[2018/07/03 15:06:51 730] lgi        346  auth_time_str=  2018/07/03 15:06:51  
[2018/07/03 15:06:51 730] lgi        352  auth_appid=  598422f9  
[2018/07/03 15:06:51 730] lgi        363  token:  nil  
[2018/07/03 15:06:51 730] lgi        433  msc cver : 5.0.34.1166  
[2018/07/03 15:06:51 730] lgi        476  ns_enable=  1  
[2018/07/03 15:06:51 730] lgi        488  prot_ver=1  
[2018/07/03 15:06:51 730] lgi        499  prot_type=tcp  
[2018/07/03 15:06:51 731] lgi        650  SYS_MSG_UNLOAD  go bg!  
============================================================
Time  2018/07/03 15:17:04 998 
============================================================
[2018/07/03 15:17:04 998] lgi        641  SYS_MSG_LOAD  
[2018/07/03 15:17:05 001] lgi        663  SYS_MSG_REGCB  msp_status_cb  func(1c013510) 
[2018/07/03 15:17:05 001] lgi        292  LGI_MSG_INIT  
[2018/07/03 15:17:05 002] lgi        299  lgi  lgi_  268436457  1504340430  
[2018/07/03 15:17:05 002] lgi        332  lgi params:  appid = 598422f9  
[2018/07/03 15:17:05 002] lgi        346  auth_time_str=  2018/07/03 15:17:04  
[2018/07/03 15:17:05 002] lgi        352  auth_appid=  598422f9  
[2018/07/03 15:17:05 002] lgi        363  token:  nil  
[2018/07/03 15:17:05 002] lgi        433  msc cver : 5.0.34.1166  
[2018/07/03 15:17:05 002] lgi        476  ns_enable=  1  
[2018/07/03 15:17:05 002] lgi        488  prot_ver=1  
[2018/07/03 15:17:05 002] lgi        499  prot_type=tcp  
[2018/07/03 15:17:05 002] lgi        650  SYS_MSG_UNLOAD  go bg!  
============================================================
Time  2018/07/03 15:21:32 868 
============================================================
[2018/07/03 15:21:32 868] lgi        641  SYS_MSG_LOAD  
[2018/07/03 15:21:32 871] lgi        663  SYS_MSG_REGCB  msp_status_cb  func(cc015f50) 
[2018/07/03 15:21:32 871] lgi        292  LGI_MSG_INIT  
[2018/07/03 15:21:32 871] lgi        299  lgi  lgi_  268436457  1504340430  
[2018/07/03 15:21:32 871] lgi        332  lgi params:  appid = 598422f9  
[2018/07/03 15:21:32 871] lgi        346  auth_time_str=  2018/07/03 15:21:32  
[2018/07/03 15:21:32 871] lgi        352  auth_appid=  598422f9  
[2018/07/03 15:21:32 871] lgi        363  token:  nil  
[2018/07/03 15:21:32 871] lgi        433  msc cver : 5.0.34.1166  
[2018/07/03 15:21:32 871] lgi        476  ns_enable=  1  
[2018/07/03 15:21:32 871] lgi        488  prot_ver=1  
[2018/07/03 15:21:32 871] lgi        499  prot_type=tcp  
[2018/07/03 15:21:32 872] lgi        650  SYS_MSG_UNLOAD  go bg!  
============================================================
Time  2018/07/03 15:25:09 996 
============================================================
[2018/07/03 15:25:09 996] lgi        641  SYS_MSG_LOAD  
[2018/07/03 15:25:09 997] lgi        663  SYS_MSG_REGCB  msp_status_cb  func(cc015f20) 
[2018/07/03 15:25:09 997] lgi        292  LGI_MSG_INIT  
[2018/07/03 15:25:09 997] lgi        299  lgi  lgi_  268436457  1504340430  
[2018/07/03 15:25:09 997] lgi        332  lgi params:  appid = 598422f9  
[2018/07/03 15:25:09 997] lgi        346  auth_time_str=  2018/07/03 15:25:09  
[2018/07/03 15:25:09 997] lgi        352  auth_appid=  598422f9  
[2018/07/03 15:25:09 997] lgi        363  token:  nil  
[2018/07/03 15:25:09 997] lgi        433  msc cver : 5.0.34.1166  
[2018/07/03 15:25:09 998] lgi        476  ns_enable=  1  
[2018/07/03 15:25:09 998] lgi        488  prot_ver=1  
[2018/07/03 15:25:09 998] lgi        499  prot_type=tcp  
[2018/07/03 15:25:09 998] lgi        650  SYS_MSG_UNLOAD  go bg!  
============================================================
Time  2018/07/03 15:28:15 732 
============================================================
[2018/07/03 15:28:15 732] lgi        641  SYS_MSG_LOAD  
[2018/07/03 15:28:15 735] lgi        663  SYS_MSG_REGCB  msp_status_cb  func(64013530) 
[2018/07/03 15:28:15 735] lgi        292  LGI_MSG_INIT  
[2018/07/03 15:28:15 735] lgi        299  lgi  lgi_  268436457  1504340430  
[2018/07/03 15:28:15 735] lgi        332  lgi params:  appid = 598422f9  
[2018/07/03 15:28:15 735] lgi        346  auth_time_str=  2018/07/03 15:28:15  
[2018/07/03 15:28:15 735] lgi        352  auth_appid=  598422f9  
[2018/07/03 15:28:15 735] lgi        363  token:  nil  
[2018/07/03 15:28:15 735] lgi        433  msc cver : 5.0.34.1166  
[2018/07/03 15:28:15 735] lgi        476  ns_enable=  1  
[2018/07/03 15:28:15 735] lgi        488  prot_ver=1  
[2018/07/03 15:28:15 735] lgi        499  prot_type=tcp  
[2018/07/03 15:28:15 735] lgi        650  SYS_MSG_UNLOAD  go bg!  
[2018/07/03 15:28:35 917] lgi        654  SYS_MSG_SHUTDOWN  
============================================================
Time  2018/07/03 15:28:41 565 
============================================================
[2018/07/03 15:28:41 565] lgi        641  SYS_MSG_LOAD  
[2018/07/03 15:28:41 566] lgi        663  SYS_MSG_REGCB  msp_status_cb  func(20013530) 
[2018/07/03 15:28:41 566] lgi        292  LGI_MSG_INIT  
[2018/07/03 15:28:41 566] lgi        299  lgi  lgi_  268436457  1504340430  
[2018/07/03 15:28:41 567] lgi        332  lgi params:  appid = 598422f9  
[2018/07/03 15:28:41 567] lgi        346  auth_time_str=  2018/07/03 15:28:41  
[2018/07/03 15:28:41 567] lgi        352  auth_appid=  598422f9  
[2018/07/03 15:28:41 567] lgi        363  token:  nil  
[2018/07/03 15:28:41 567] lgi        433  msc cver : 5.0.34.1166  
[2018/07/03 15:28:41 567] lgi        476  ns_enable=  1  
[2018/07/03 15:28:41 567] lgi        488  prot_ver=1  
[2018/07/03 15:28:41 567] lgi        499  prot_type=tcp  
[2018/07/03 15:28:41 567] lgi        650  SYS_MSG_UNLOAD  go bg!  
============================================================
Time  2018/07/03 15:29:44 539 
============================================================
[2018/07/03 15:29:44 539] lgi        641  SYS_MSG_LOAD  
[2018/07/03 15:29:44 540] lgi        663  SYS_MSG_REGCB  msp_status_cb  func(48015f00) 
[2018/07/03 15:29:44 540] lgi        292  LGI_MSG_INIT  
[2018/07/03 15:29:44 540] lgi        299  lgi  lgi_  268436457  1504340430  
[2018/07/03 15:29:44 541] lgi        332  lgi params:  appid = 598422f9  
[2018/07/03 15:29:44 541] lgi        346  auth_time_str=  2018/07/03 15:29:44  
[2018/07/03 15:29:44 541] lgi        352  auth_appid=  598422f9  
[2018/07/03 15:29:44 541] lgi        363  token:  nil  
[2018/07/03 15:29:44 541] lgi        433  msc cver : 5.0.34.1166  
[2018/07/03 15:29:44 541] lgi        476  ns_enable=  1  
[2018/07/03 15:29:44 541] lgi        488  prot_ver=1  
[2018/07/03 15:29:44 541] lgi        499  prot_type=tcp  
[2018/07/03 15:29:44 541] lgi        650  SYS_MSG_UNLOAD  go bg!  
============================================================
Time  2018/07/03 15:33:23 061 
============================================================
[2018/07/03 15:33:23 061] lgi        641  SYS_MSG_LOAD  
[2018/07/03 15:33:23 061] lgi        663  SYS_MSG_REGCB  msp_status_cb  func(b0015f20) 
[2018/07/03 15:33:23 062] lgi        292  LGI_MSG_INIT  
[2018/07/03 15:33:23 062] lgi        299  lgi  lgi_  268436457  1504340430  
[2018/07/03 15:33:23 062] lgi        332  lgi params:  appid = 598422f9  
[2018/07/03 15:33:23 062] lgi        346  auth_time_str=  2018/07/03 15:33:23  
[2018/07/03 15:33:23 062] lgi        352  auth_appid=  598422f9  
[2018/07/03 15:33:23 062] lgi        363  token:  nil  
[2018/07/03 15:33:23 062] lgi        433  msc cver : 5.0.34.1166  
[2018/07/03 15:33:23 062] lgi        476  ns_enable=  1  
[2018/07/03 15:33:23 062] lgi        488  prot_ver=1  
[2018/07/03 15:33:23 062] lgi        499  prot_type=tcp  
[2018/07/03 15:33:23 062] lgi        650  SYS_MSG_UNLOAD  go bg!  
============================================================
Time  2018/07/03 15:33:50 688 
============================================================
[2018/07/03 15:33:50 688] lgi        641  SYS_MSG_LOAD  
[2018/07/03 15:33:50 689] lgi        663  SYS_MSG_REGCB  msp_status_cb  func(c015f30) 
[2018/07/03 15:33:50 689] lgi        292  LGI_MSG_INIT  
[2018/07/03 15:33:50 689] lgi        299  lgi  lgi_  268436457  1504340430  
[2018/07/03 15:33:50 689] lgi        332  lgi params:  appid = 598422f9  
[2018/07/03 15:33:50 689] lgi        346  auth_time_str=  2018/07/03 15:33:50  
[2018/07/03 15:33:50 689] lgi        352  auth_appid=  598422f9  
[2018/07/03 15:33:50 689] lgi        363  token:  nil  
[2018/07/03 15:33:50 689] lgi        433  msc cver : 5.0.34.1166  
[2018/07/03 15:33:50 690] lgi        476  ns_enable=  1  
[2018/07/03 15:33:50 690] lgi        488  prot_ver=1  
[2018/07/03 15:33:50 690] lgi        499  prot_type=tcp  
[2018/07/03 15:33:50 690] lgi        650  SYS_MSG_UNLOAD  go bg!  
============================================================
Time  2018/07/03 15:34:51 873 
============================================================
[2018/07/03 15:34:51 873] lgi        641  SYS_MSG_LOAD  
[2018/07/03 15:34:51 874] lgi        663  SYS_MSG_REGCB  msp_status_cb  func(24015f20) 
[2018/07/03 15:34:51 874] lgi        292  LGI_MSG_INIT  
[2018/07/03 15:34:51 874] lgi        299  lgi  lgi_  268436457  1504340430  
[2018/07/03 15:34:51 874] lgi        332  lgi params:  appid = 598422f9  
[2018/07/03 15:34:51 874] lgi        346  auth_time_str=  2018/07/03 15:34:51  
[2018/07/03 15:34:51 874] lgi        352  auth_appid=  598422f9  
[2018/07/03 15:34:51 874] lgi        363  token:  nil  
[2018/07/03 15:34:51 874] lgi        433  msc cver : 5.0.34.1166  
[2018/07/03 15:34:51 874] lgi        476  ns_enable=  1  
[2018/07/03 15:34:51 875] lgi        488  prot_ver=1  
[2018/07/03 15:34:51 875] lgi        499  prot_type=tcp  
[2018/07/03 15:34:51 875] lgi        650  SYS_MSG_UNLOAD  go bg!  
============================================================
Time  2018/07/03 15:35:53 551 
============================================================
[2018/07/03 15:35:53 551] lgi        641  SYS_MSG_LOAD  
[2018/07/03 15:35:53 552] lgi        663  SYS_MSG_REGCB  msp_status_cb  func(b4015f00) 
[2018/07/03 15:35:53 552] lgi        292  LGI_MSG_INIT  
[2018/07/03 15:35:53 552] lgi        299  lgi  lgi_  268436457  1504340430  
[2018/07/03 15:35:53 553] lgi        332  lgi params:  appid = 598422f9  
[2018/07/03 15:35:53 553] lgi        346  auth_time_str=  2018/07/03 15:35:53  
[2018/07/03 15:35:53 553] lgi        352  auth_appid=  598422f9  
[2018/07/03 15:35:53 553] lgi        363  token:  nil  
[2018/07/03 15:35:53 553] lgi        433  msc cver : 5.0.34.1166  
[2018/07/03 15:35:53 553] lgi        476  ns_enable=  1  
[2018/07/03 15:35:53 553] lgi        488  prot_ver=1  
[2018/07/03 15:35:53 553] lgi        499  prot_type=tcp  
[2018/07/03 15:35:53 554] lgi        650  SYS_MSG_UNLOAD  go bg!  
============================================================
Time  2018/07/03 15:38:46 598 
============================================================
[2018/07/03 15:38:46 598] lgi        641  SYS_MSG_LOAD  
[2018/07/03 15:38:46 606] lgi        663  SYS_MSG_REGCB  msp_status_cb  func(f8015fb0) 
[2018/07/03 15:38:46 611] lgi        292  LGI_MSG_INIT  
[2018/07/03 15:38:46 612] lgi        299  lgi  lgi_  268436457  1504340430  
[2018/07/03 15:38:46 615] lgi        332  lgi params:  appid = 598422f9  
[2018/07/03 15:38:46 617] lgi        346  auth_time_str=  2018/07/03 15:38:46  
[2018/07/03 15:38:46 618] lgi        352  auth_appid=  598422f9  
[2018/07/03 15:38:46 622] lgi        363  token:  nil  
[2018/07/03 15:38:46 623] lgi        433  msc cver : 5.0.34.1166  
[2018/07/03 15:38:46 624] lgi        476  ns_enable=  1  
[2018/07/03 15:38:46 625] lgi        488  prot_ver=1  
[2018/07/03 15:38:46 626] lgi        499  prot_type=tcp  
[2018/07/03 15:38:46 631] lgi        650  SYS_MSG_UNLOAD  go bg!  
============================================================
Time  2018/07/03 15:41:07 780 
============================================================
[2018/07/03 15:41:07 780] lgi        641  SYS_MSG_LOAD  
[2018/07/03 15:41:07 791] lgi        663  SYS_MSG_REGCB  msp_status_cb  func(4c013510) 
[2018/07/03 15:41:07 796] lgi        292  LGI_MSG_INIT  
[2018/07/03 15:41:07 797] lgi        299  lgi  lgi_  268436457  1504340430  
[2018/07/03 15:41:07 799] lgi        332  lgi params:  appid = 598422f9  
[2018/07/03 15:41:07 801] lgi        346  auth_time_str=  2018/07/03 15:41:07  
[2018/07/03 15:41:07 802] lgi        352  auth_appid=  598422f9  
[2018/07/03 15:41:07 803] lgi        363  token:  nil  
[2018/07/03 15:41:07 804] lgi        433  msc cver : 5.0.34.1166  
[2018/07/03 15:41:07 806] lgi        476  ns_enable=  1  
[2018/07/03 15:41:07 807] lgi        488  prot_ver=1  
[2018/07/03 15:41:07 808] lgi        499  prot_type=tcp  
[2018/07/03 15:41:07 816] lgi        650  SYS_MSG_UNLOAD  go bg!  
============================================================
Time  2018/07/03 15:51:31 326 
============================================================
[2018/07/03 15:51:31 326] lgi        641  SYS_MSG_LOAD  
[2018/07/03 15:51:31 327] lgi        663  SYS_MSG_REGCB  msp_status_cb  func(58015f20) 
[2018/07/03 15:51:31 327] lgi        292  LGI_MSG_INIT  
[2018/07/03 15:51:31 327] lgi        299  lgi  lgi_  268436457  1504340430  
[2018/07/03 15:51:31 327] lgi        332  lgi params:  appid = 598422f9  
[2018/07/03 15:51:31 327] lgi        346  auth_time_str=  2018/07/03 15:51:31  
[2018/07/03 15:51:31 327] lgi        352  auth_appid=  598422f9  
[2018/07/03 15:51:31 327] lgi        363  token:  nil  
[2018/07/03 15:51:31 327] lgi        433  msc cver : 5.0.34.1166  
[2018/07/03 15:51:31 327] lgi        476  ns_enable=  1  
[2018/07/03 15:51:31 327] lgi        488  prot_ver=1  
[2018/07/03 15:51:31 327] lgi        499  prot_type=tcp  
[2018/07/03 15:51:31 329] lgi        650  SYS_MSG_UNLOAD  go bg!  
============================================================
Time  2018/07/03 15:53:48 532 
============================================================
[2018/07/03 15:53:48 532] lgi        641  SYS_MSG_LOAD  
[2018/07/03 15:53:48 533] lgi        663  SYS_MSG_REGCB  msp_status_cb  func(fc015f20) 
[2018/07/03 15:53:48 533] lgi        292  LGI_MSG_INIT  
[2018/07/03 15:53:48 533] lgi        299  lgi  lgi_  268436457  1504340430  
[2018/07/03 15:53:48 534] lgi        332  lgi params:  appid = 598422f9  
[2018/07/03 15:53:48 534] lgi        346  auth_time_str=  2018/07/03 15:53:48  
[2018/07/03 15:53:48 534] lgi        352  auth_appid=  598422f9  
[2018/07/03 15:53:48 534] lgi        363  token:  nil  
[2018/07/03 15:53:48 534] lgi        433  msc cver : 5.0.34.1166  
[2018/07/03 15:53:48 534] lgi        476  ns_enable=  1  
[2018/07/03 15:53:48 534] lgi        488  prot_ver=1  
[2018/07/03 15:53:48 534] lgi        499  prot_type=tcp  
[2018/07/03 15:53:48 534] lgi        650  SYS_MSG_UNLOAD  go bg!  
============================================================
Time  2018/07/03 15:55:25 934 
============================================================
[2018/07/03 15:55:25 934] lgi        641  SYS_MSG_LOAD  
[2018/07/03 15:55:25 935] lgi        663  SYS_MSG_REGCB  msp_status_cb  func(54015f20) 
[2018/07/03 15:55:25 935] lgi        292  LGI_MSG_INIT  
[2018/07/03 15:55:25 935] lgi        299  lgi  lgi_  268436457  1504340430  
[2018/07/03 15:55:25 935] lgi        332  lgi params:  appid = 598422f9  
[2018/07/03 15:55:25 935] lgi        346  auth_time_str=  2018/07/03 15:55:25  
[2018/07/03 15:55:25 936] lgi        352  auth_appid=  598422f9  
[2018/07/03 15:55:25 936] lgi        363  token:  nil  
[2018/07/03 15:55:25 936] lgi        433  msc cver : 5.0.34.1166  
[2018/07/03 15:55:25 936] lgi        476  ns_enable=  1  
[2018/07/03 15:55:25 936] lgi        488  prot_ver=1  
[2018/07/03 15:55:25 936] lgi        499  prot_type=tcp  
[2018/07/03 15:55:25 936] lgi        650  SYS_MSG_UNLOAD  go bg!  
============================================================
Time  2018/07/03 16:00:34 582 
============================================================
[2018/07/03 16:00:34 582] lgi        641  SYS_MSG_LOAD  
[2018/07/03 16:00:34 583] lgi        663  SYS_MSG_REGCB  msp_status_cb  func(3c015f20) 
[2018/07/03 16:00:34 583] lgi        292  LGI_MSG_INIT  
[2018/07/03 16:00:34 583] lgi        299  lgi  lgi_  268436457  1504340430  
[2018/07/03 16:00:34 583] lgi        332  lgi params:  appid = 598422f9  
[2018/07/03 16:00:34 583] lgi        346  auth_time_str=  2018/07/03 16:00:34  
[2018/07/03 16:00:34 583] lgi        352  auth_appid=  598422f9  
[2018/07/03 16:00:34 583] lgi        363  token:  nil  
[2018/07/03 16:00:34 583] lgi        433  msc cver : 5.0.34.1166  
[2018/07/03 16:00:34 583] lgi        476  ns_enable=  1  
[2018/07/03 16:00:34 583] lgi        488  prot_ver=1  
[2018/07/03 16:00:34 583] lgi        499  prot_type=tcp  
[2018/07/03 16:00:34 583] lgi        650  SYS_MSG_UNLOAD  go bg!  
============================================================
Time  2018/07/03 16:03:08 619 
============================================================
[2018/07/03 16:03:08 619] lgi        641  SYS_MSG_LOAD  
[2018/07/03 16:03:08 620] lgi        663  SYS_MSG_REGCB  msp_status_cb  func(44015f20) 
[2018/07/03 16:03:08 620] lgi        292  LGI_MSG_INIT  
[2018/07/03 16:03:08 620] lgi        299  lgi  lgi_  268436457  1504340430  
[2018/07/03 16:03:08 620] lgi        332  lgi params:  appid = 598422f9  
[2018/07/03 16:03:08 620] lgi        346  auth_time_str=  2018/07/03 16:03:08  
[2018/07/03 16:03:08 620] lgi        352  auth_appid=  598422f9  
[2018/07/03 16:03:08 620] lgi        363  token:  nil  
[2018/07/03 16:03:08 620] lgi        433  msc cver : 5.0.34.1166  
[2018/07/03 16:03:08 621] lgi        476  ns_enable=  1  
[2018/07/03 16:03:08 621] lgi        488  prot_ver=1  
[2018/07/03 16:03:08 621] lgi        499  prot_type=tcp  
[2018/07/03 16:03:08 621] lgi        650  SYS_MSG_UNLOAD  go bg!  
============================================================
Time  2018/07/03 16:05:13 583 
============================================================
[2018/07/03 16:05:13 583] lgi        641  SYS_MSG_LOAD  
[2018/07/03 16:05:13 583] lgi        663  SYS_MSG_REGCB  msp_status_cb  func(15f20) 
[2018/07/03 16:05:13 584] lgi        292  LGI_MSG_INIT  
[2018/07/03 16:05:13 584] lgi        299  lgi  lgi_  268436457  1504340430  
[2018/07/03 16:05:13 584] lgi        332  lgi params:  appid = 598422f9  
[2018/07/03 16:05:13 584] lgi        346  auth_time_str=  2018/07/03 16:05:13  
[2018/07/03 16:05:13 584] lgi        352  auth_appid=  598422f9  
[2018/07/03 16:05:13 584] lgi        363  token:  nil  
[2018/07/03 16:05:13 584] lgi        433  msc cver : 5.0.34.1166  
[2018/07/03 16:05:13 584] lgi        476  ns_enable=  1  
[2018/07/03 16:05:13 584] lgi        488  prot_ver=1  
[2018/07/03 16:05:13 584] lgi        499  prot_type=tcp  
[2018/07/03 16:05:13 584] lgi        650  SYS_MSG_UNLOAD  go bg!  
============================================================
Time  2018/07/03 16:12:21 039 
============================================================
[2018/07/03 16:12:21 039] lgi        641  SYS_MSG_LOAD  
[2018/07/03 16:12:21 039] lgi        663  SYS_MSG_REGCB  msp_status_cb  func(b4015f20) 
[2018/07/03 16:12:21 040] lgi        292  LGI_MSG_INIT  
[2018/07/03 16:12:21 040] lgi        299  lgi  lgi_  268436457  1504340430  
[2018/07/03 16:12:21 040] lgi        332  lgi params:  appid = 598422f9  
[2018/07/03 16:12:21 040] lgi        346  auth_time_str=  2018/07/03 16:12:21  
[2018/07/03 16:12:21 040] lgi        352  auth_appid=  598422f9  
[2018/07/03 16:12:21 040] lgi        363  token:  nil  
[2018/07/03 16:12:21 040] lgi        433  msc cver : 5.0.34.1166  
[2018/07/03 16:12:21 040] lgi        476  ns_enable=  1  
[2018/07/03 16:12:21 040] lgi        488  prot_ver=1  
[2018/07/03 16:12:21 040] lgi        499  prot_type=tcp  
[2018/07/03 16:12:21 040] lgi        650  SYS_MSG_UNLOAD  go bg!  
============================================================
Time  2018/07/03 16:14:57 225 
============================================================
[2018/07/03 16:14:57 225] lgi        641  SYS_MSG_LOAD  
[2018/07/03 16:14:57 226] lgi        663  SYS_MSG_REGCB  msp_status_cb  func(c0015f30) 
[2018/07/03 16:14:57 226] lgi        292  LGI_MSG_INIT  
[2018/07/03 16:14:57 226] lgi        299  lgi  lgi_  268436457  1504340430  
[2018/07/03 16:14:57 226] lgi        332  lgi params:  appid = 598422f9  
[2018/07/03 16:14:57 226] lgi        346  auth_time_str=  2018/07/03 16:14:57  
[2018/07/03 16:14:57 226] lgi        352  auth_appid=  598422f9  
[2018/07/03 16:14:57 226] lgi        363  token:  nil  
[2018/07/03 16:14:57 226] lgi        433  msc cver : 5.0.34.1166  
[2018/07/03 16:14:57 226] lgi        476  ns_enable=  1  
[2018/07/03 16:14:57 226] lgi        488  prot_ver=1  
[2018/07/03 16:14:57 226] lgi        499  prot_type=tcp  
[2018/07/03 16:14:57 226] lgi        650  SYS_MSG_UNLOAD  go bg!  
============================================================
Time  2018/07/03 16:15:33 826 
============================================================
[2018/07/03 16:15:33 826] lgi        641  SYS_MSG_LOAD  
[2018/07/03 16:15:33 827] lgi        663  SYS_MSG_REGCB  msp_status_cb  func(3c015f20) 
[2018/07/03 16:15:33 827] lgi        292  LGI_MSG_INIT  
[2018/07/03 16:15:33 827] lgi        299  lgi  lgi_  268436457  1504340430  
[2018/07/03 16:15:33 827] lgi        332  lgi params:  appid = 598422f9  
[2018/07/03 16:15:33 827] lgi        346  auth_time_str=  2018/07/03 16:15:33  
[2018/07/03 16:15:33 827] lgi        352  auth_appid=  598422f9  
[2018/07/03 16:15:33 827] lgi        363  token:  nil  
[2018/07/03 16:15:33 827] lgi        433  msc cver : 5.0.34.1166  
[2018/07/03 16:15:33 827] lgi        476  ns_enable=  1  
[2018/07/03 16:15:33 827] lgi        488  prot_ver=1  
[2018/07/03 16:15:33 827] lgi        499  prot_type=tcp  
[2018/07/03 16:15:33 827] lgi        650  SYS_MSG_UNLOAD  go bg!  
============================================================
Time  2018/07/03 16:23:33 973 
============================================================
[2018/07/03 16:23:33 973] lgi        641  SYS_MSG_LOAD  
[2018/07/03 16:23:33 974] lgi        663  SYS_MSG_REGCB  msp_status_cb  func(5c015f50) 
[2018/07/03 16:23:33 974] lgi        292  LGI_MSG_INIT  
[2018/07/03 16:23:33 974] lgi        299  lgi  lgi_  268436457  1504340430  
[2018/07/03 16:23:33 974] lgi        332  lgi params:  appid = 598422f9  
[2018/07/03 16:23:33 974] lgi        346  auth_time_str=  2018/07/03 16:23:33  
[2018/07/03 16:23:33 974] lgi        352  auth_appid=  598422f9  
[2018/07/03 16:23:33 974] lgi        363  token:  nil  
[2018/07/03 16:23:33 974] lgi        433  msc cver : 5.0.34.1166  
[2018/07/03 16:23:33 974] lgi        476  ns_enable=  1  
[2018/07/03 16:23:33 974] lgi        488  prot_ver=1  
[2018/07/03 16:23:33 974] lgi        499  prot_type=tcp  
[2018/07/03 16:23:33 975] lgi        650  SYS_MSG_UNLOAD  go bg!  
============================================================
Time  2018/07/03 16:29:28 576 
============================================================
[2018/07/03 16:29:28 576] lgi        641  SYS_MSG_LOAD  
[2018/07/03 16:29:28 577] lgi        663  SYS_MSG_REGCB  msp_status_cb  func(94015f30) 
[2018/07/03 16:29:28 577] lgi        292  LGI_MSG_INIT  
[2018/07/03 16:29:28 577] lgi        299  lgi  lgi_  268436457  1504340430  
[2018/07/03 16:29:28 577] lgi        332  lgi params:  appid = 598422f9  
[2018/07/03 16:29:28 577] lgi        346  auth_time_str=  2018/07/03 16:29:28  
[2018/07/03 16:29:28 577] lgi        352  auth_appid=  598422f9  
[2018/07/03 16:29:28 577] lgi        363  token:  nil  
[2018/07/03 16:29:28 578] lgi        433  msc cver : 5.0.34.1166  
[2018/07/03 16:29:28 578] lgi        476  ns_enable=  1  
[2018/07/03 16:29:28 578] lgi        488  prot_ver=1  
[2018/07/03 16:29:28 578] lgi        499  prot_type=tcp  
[2018/07/03 16:29:28 578] lgi        650  SYS_MSG_UNLOAD  go bg!  
============================================================
Time  2018/07/03 16:30:48 785 
============================================================
[2018/07/03 16:30:48 785] lgi        641  SYS_MSG_LOAD  
[2018/07/03 16:30:48 785] lgi        663  SYS_MSG_REGCB  msp_status_cb  func(18013530) 
[2018/07/03 16:30:48 785] lgi        292  LGI_MSG_INIT  
[2018/07/03 16:30:48 786] lgi        299  lgi  lgi_  268436457  1504340430  
[2018/07/03 16:30:48 786] lgi        332  lgi params:  appid = 598422f9  
[2018/07/03 16:30:48 786] lgi        346  auth_time_str=  2018/07/03 16:30:48  
[2018/07/03 16:30:48 786] lgi        352  auth_appid=  598422f9  
[2018/07/03 16:30:48 786] lgi        363  token:  nil  
[2018/07/03 16:30:48 786] lgi        433  msc cver : 5.0.34.1166  
[2018/07/03 16:30:48 786] lgi        476  ns_enable=  1  
[2018/07/03 16:30:48 786] lgi        488  prot_ver=1  
[2018/07/03 16:30:48 786] lgi        499  prot_type=tcp  
[2018/07/03 16:30:48 786] lgi        650  SYS_MSG_UNLOAD  go bg!  
============================================================
Time  2018/07/03 16:32:42 975 
============================================================
[2018/07/03 16:32:42 975] lgi        641  SYS_MSG_LOAD  
[2018/07/03 16:32:42 976] lgi        663  SYS_MSG_REGCB  msp_status_cb  func(84015f30) 
[2018/07/03 16:32:42 976] lgi        292  LGI_MSG_INIT  
[2018/07/03 16:32:42 976] lgi        299  lgi  lgi_  268436457  1504340430  
[2018/07/03 16:32:42 976] lgi        332  lgi params:  appid = 598422f9  
[2018/07/03 16:32:42 976] lgi        346  auth_time_str=  2018/07/03 16:32:42  
[2018/07/03 16:32:42 976] lgi        352  auth_appid=  598422f9  
[2018/07/03 16:32:42 976] lgi        363  token:  nil  
[2018/07/03 16:32:42 976] lgi        433  msc cver : 5.0.34.1166  
[2018/07/03 16:32:42 976] lgi        476  ns_enable=  1  
[2018/07/03 16:32:42 976] lgi        488  prot_ver=1  
[2018/07/03 16:32:42 976] lgi        499  prot_type=tcp  
[2018/07/03 16:32:42 976] lgi        650  SYS_MSG_UNLOAD  go bg!  
============================================================
Time  2018/07/03 16:33:02 065 
============================================================
[2018/07/03 16:33:02 065] lgi        641  SYS_MSG_LOAD  
[2018/07/03 16:33:02 066] lgi        663  SYS_MSG_REGCB  msp_status_cb  func(d4013530) 
[2018/07/03 16:33:02 066] lgi        292  LGI_MSG_INIT  
[2018/07/03 16:33:02 066] lgi        299  lgi  lgi_  268436457  1504340430  
[2018/07/03 16:33:02 066] lgi        332  lgi params:  appid = 598422f9  
[2018/07/03 16:33:02 066] lgi        346  auth_time_str=  2018/07/03 16:33:02  
[2018/07/03 16:33:02 066] lgi        352  auth_appid=  598422f9  
[2018/07/03 16:33:02 066] lgi        363  token:  nil  
[2018/07/03 16:33:02 066] lgi        433  msc cver : 5.0.34.1166  
[2018/07/03 16:33:02 066] lgi        476  ns_enable=  1  
[2018/07/03 16:33:02 066] lgi        488  prot_ver=1  
[2018/07/03 16:33:02 066] lgi        499  prot_type=tcp  
[2018/07/03 16:33:02 066] lgi        650  SYS_MSG_UNLOAD  go bg!  
============================================================
Time  2018/07/03 16:33:20 216 
============================================================
[2018/07/03 16:33:20 216] lgi        641  SYS_MSG_LOAD  
[2018/07/03 16:33:20 216] lgi        663  SYS_MSG_REGCB  msp_status_cb  func(9c015f50) 
[2018/07/03 16:33:20 216] lgi        292  LGI_MSG_INIT  
[2018/07/03 16:33:20 216] lgi        299  lgi  lgi_  268436457  1504340430  
[2018/07/03 16:33:20 216] lgi        332  lgi params:  appid = 598422f9  
[2018/07/03 16:33:20 216] lgi        346  auth_time_str=  2018/07/03 16:33:20  
[2018/07/03 16:33:20 216] lgi        352  auth_appid=  598422f9  
[2018/07/03 16:33:20 217] lgi        363  token:  nil  
[2018/07/03 16:33:20 217] lgi        433  msc cver : 5.0.34.1166  
[2018/07/03 16:33:20 217] lgi        476  ns_enable=  1  
[2018/07/03 16:33:20 217] lgi        488  prot_ver=1  
[2018/07/03 16:33:20 217] lgi        499  prot_type=tcp  
[2018/07/03 16:33:20 217] lgi        650  SYS_MSG_UNLOAD  go bg!  
============================================================
Time  2018/07/03 17:22:33 609 
============================================================
[2018/07/03 17:22:33 609] lgi        641  SYS_MSG_LOAD  
[2018/07/03 17:22:33 610] lgi        663  SYS_MSG_REGCB  msp_status_cb  func(7c015f30) 
[2018/07/03 17:22:33 611] lgi        292  LGI_MSG_INIT  
[2018/07/03 17:22:33 611] lgi        299  lgi  lgi_  268436457  1504340430  
[2018/07/03 17:22:33 611] lgi        332  lgi params:  appid = 598422f9  
[2018/07/03 17:22:33 611] lgi        346  auth_time_str=  2018/07/03 17:22:33  
[2018/07/03 17:22:33 611] lgi        352  auth_appid=  598422f9  
[2018/07/03 17:22:33 611] lgi        363  token:  nil  
[2018/07/03 17:22:33 611] lgi        433  msc cver : 5.0.34.1166  
[2018/07/03 17:22:33 611] lgi        476  ns_enable=  1  
[2018/07/03 17:22:33 612] lgi        488  prot_ver=1  
[2018/07/03 17:22:33 612] lgi        499  prot_type=tcp  
[2018/07/03 17:22:33 612] lgi        650  SYS_MSG_UNLOAD  go bg!  
[2018/07/03 17:22:47 289] lgi        654  SYS_MSG_SHUTDOWN  
============================================================
Time  2018/07/03 18:32:46 511 
============================================================
[2018/07/03 18:32:46 511] lgi        641  SYS_MSG_LOAD  
[2018/07/03 18:32:46 512] lgi        663  SYS_MSG_REGCB  msp_status_cb  func(2c013530) 
[2018/07/03 18:32:46 512] lgi        292  LGI_MSG_INIT  
[2018/07/03 18:32:46 512] lgi        299  lgi  lgi_  268436457  1504340430  
[2018/07/03 18:32:46 512] lgi        332  lgi params:  appid = 598422f9  
[2018/07/03 18:32:46 512] lgi        346  auth_time_str=  2018/07/03 18:32:46  
[2018/07/03 18:32:46 512] lgi        352  auth_appid=  598422f9  
[2018/07/03 18:32:46 512] lgi        363  token:  nil  
[2018/07/03 18:32:46 512] lgi        433  msc cver : 5.0.34.1166  
[2018/07/03 18:32:46 512] lgi        476  ns_enable=  1  
[2018/07/03 18:32:46 512] lgi        488  prot_ver=1  
[2018/07/03 18:32:46 512] lgi        499  prot_type=tcp  
[2018/07/03 18:32:46 512] lgi        650  SYS_MSG_UNLOAD  go bg!  
============================================================
Time  2018/07/03 18:38:49 976 
============================================================
[2018/07/03 18:38:49 976] lgi        641  SYS_MSG_LOAD  
[2018/07/03 18:38:49 977] lgi        663  SYS_MSG_REGCB  msp_status_cb  func(7c015f20) 
[2018/07/03 18:38:49 977] lgi        292  LGI_MSG_INIT  
[2018/07/03 18:38:49 977] lgi        299  lgi  lgi_  268436457  1504340430  
[2018/07/03 18:38:49 977] lgi        332  lgi params:  appid = 598422f9  
[2018/07/03 18:38:49 977] lgi        346  auth_time_str=  2018/07/03 18:38:49  
[2018/07/03 18:38:49 977] lgi        352  auth_appid=  598422f9  
[2018/07/03 18:38:49 978] lgi        363  token:  nil  
[2018/07/03 18:38:49 978] lgi        433  msc cver : 5.0.34.1166  
[2018/07/03 18:38:49 978] lgi        476  ns_enable=  1  
[2018/07/03 18:38:49 978] lgi        488  prot_ver=1  
[2018/07/03 18:38:49 978] lgi        499  prot_type=tcp  
[2018/07/03 18:38:49 978] lgi        650  SYS_MSG_UNLOAD  go bg!  
============================================================
Time  2018/07/03 18:48:04 578 
============================================================
[2018/07/03 18:48:04 578] lgi        641  SYS_MSG_LOAD  
[2018/07/03 18:48:04 579] lgi        663  SYS_MSG_REGCB  msp_status_cb  func(ac015f20) 
[2018/07/03 18:48:04 579] lgi        292  LGI_MSG_INIT  
[2018/07/03 18:48:04 579] lgi        299  lgi  lgi_  268436457  1504340430  
[2018/07/03 18:48:04 579] lgi        332  lgi params:  appid = 598422f9  
[2018/07/03 18:48:04 579] lgi        346  auth_time_str=  2018/07/03 18:48:04  
[2018/07/03 18:48:04 579] lgi        352  auth_appid=  598422f9  
[2018/07/03 18:48:04 579] lgi        363  token:  nil  
[2018/07/03 18:48:04 579] lgi        433  msc cver : 5.0.34.1166  
[2018/07/03 18:48:04 579] lgi        476  ns_enable=  1  
[2018/07/03 18:48:04 579] lgi        488  prot_ver=1  
[2018/07/03 18:48:04 579] lgi        499  prot_type=tcp  
[2018/07/03 18:48:04 579] lgi        650  SYS_MSG_UNLOAD  go bg!  
============================================================
Time  2018/07/03 18:50:36 375 
============================================================
[2018/07/03 18:50:36 375] lgi        641  SYS_MSG_LOAD  
[2018/07/03 18:50:36 376] lgi        663  SYS_MSG_REGCB  msp_status_cb  func(68015f50) 
[2018/07/03 18:50:36 376] lgi        292  LGI_MSG_INIT  
[2018/07/03 18:50:36 376] lgi        299  lgi  lgi_  268436457  1504340430  
[2018/07/03 18:50:36 376] lgi        332  lgi params:  appid = 598422f9  
[2018/07/03 18:50:36 376] lgi        346  auth_time_str=  2018/07/03 18:50:36  
[2018/07/03 18:50:36 376] lgi        352  auth_appid=  598422f9  
[2018/07/03 18:50:36 376] lgi        363  token:  nil  
[2018/07/03 18:50:36 376] lgi        433  msc cver : 5.0.34.1166  
[2018/07/03 18:50:36 376] lgi        476  ns_enable=  1  
[2018/07/03 18:50:36 376] lgi        488  prot_ver=1  
[2018/07/03 18:50:36 376] lgi        499  prot_type=tcp  
[2018/07/03 18:50:36 377] lgi        650  SYS_MSG_UNLOAD  go bg!  
============================================================
Time  2018/07/03 18:51:02 208 
============================================================
[2018/07/03 18:51:02 208] lgi        641  SYS_MSG_LOAD  
[2018/07/03 18:51:02 208] lgi        663  SYS_MSG_REGCB  msp_status_cb  func(cc015f00) 
[2018/07/03 18:51:02 208] lgi        292  LGI_MSG_INIT  
[2018/07/03 18:51:02 209] lgi        299  lgi  lgi_  268436457  1504340430  
[2018/07/03 18:51:02 209] lgi        332  lgi params:  appid = 598422f9  
[2018/07/03 18:51:02 209] lgi        346  auth_time_str=  2018/07/03 18:51:02  
[2018/07/03 18:51:02 209] lgi        352  auth_appid=  598422f9  
[2018/07/03 18:51:02 209] lgi        363  token:  nil  
[2018/07/03 18:51:02 209] lgi        433  msc cver : 5.0.34.1166  
[2018/07/03 18:51:02 209] lgi        476  ns_enable=  1  
[2018/07/03 18:51:02 209] lgi        488  prot_ver=1  
[2018/07/03 18:51:02 209] lgi        499  prot_type=tcp  
[2018/07/03 18:51:02 209] lgi        650  SYS_MSG_UNLOAD  go bg!  
============================================================
Time  2018/07/03 18:51:28 687 
============================================================
[2018/07/03 18:51:28 687] lgi        641  SYS_MSG_LOAD  
[2018/07/03 18:51:28 687] lgi        663  SYS_MSG_REGCB  msp_status_cb  func(c0015f30) 
[2018/07/03 18:51:28 687] lgi        292  LGI_MSG_INIT  
[2018/07/03 18:51:28 687] lgi        299  lgi  lgi_  268436457  1504340430  
[2018/07/03 18:51:28 687] lgi        332  lgi params:  appid = 598422f9  
[2018/07/03 18:51:28 687] lgi        346  auth_time_str=  2018/07/03 18:51:28  
[2018/07/03 18:51:28 687] lgi        352  auth_appid=  598422f9  
[2018/07/03 18:51:28 687] lgi        363  token:  nil  
[2018/07/03 18:51:28 687] lgi        433  msc cver : 5.0.34.1166  
[2018/07/03 18:51:28 688] lgi        476  ns_enable=  1  
[2018/07/03 18:51:28 688] lgi        488  prot_ver=1  
[2018/07/03 18:51:28 688] lgi        499  prot_type=tcp  
[2018/07/03 18:51:28 688] lgi        650  SYS_MSG_UNLOAD  go bg!  
============================================================
Time  2018/07/03 18:51:44 116 
============================================================
[2018/07/03 18:51:44 116] lgi        641  SYS_MSG_LOAD  
[2018/07/03 18:51:44 117] lgi        663  SYS_MSG_REGCB  msp_status_cb  func(cc015f00) 
[2018/07/03 18:51:44 117] lgi        292  LGI_MSG_INIT  
[2018/07/03 18:51:44 117] lgi        299  lgi  lgi_  268436457  1504340430  
[2018/07/03 18:51:44 117] lgi        332  lgi params:  appid = 598422f9  
[2018/07/03 18:51:44 117] lgi        346  auth_time_str=  2018/07/03 18:51:44  
[2018/07/03 18:51:44 117] lgi        352  auth_appid=  598422f9  
[2018/07/03 18:51:44 117] lgi        363  token:  nil  
[2018/07/03 18:51:44 117] lgi        433  msc cver : 5.0.34.1166  
[2018/07/03 18:51:44 117] lgi        476  ns_enable=  1  
[2018/07/03 18:51:44 117] lgi        488  prot_ver=1  
[2018/07/03 18:51:44 117] lgi        499  prot_type=tcp  
[2018/07/03 18:51:44 117] lgi        650  SYS_MSG_UNLOAD  go bg!  
============================================================
Time  2018/07/03 18:52:00 613 
============================================================
[2018/07/03 18:52:00 613] lgi        641  SYS_MSG_LOAD  
[2018/07/03 18:52:00 613] lgi        663  SYS_MSG_REGCB  msp_status_cb  func(8c015f00) 
[2018/07/03 18:52:00 613] lgi        292  LGI_MSG_INIT  
[2018/07/03 18:52:00 613] lgi        299  lgi  lgi_  268436457  1504340430  
[2018/07/03 18:52:00 614] lgi        332  lgi params:  appid = 598422f9  
[2018/07/03 18:52:00 614] lgi        346  auth_time_str=  2018/07/03 18:52:00  
[2018/07/03 18:52:00 614] lgi        352  auth_appid=  598422f9  
[2018/07/03 18:52:00 614] lgi        363  token:  nil  
[2018/07/03 18:52:00 614] lgi        433  msc cver : 5.0.34.1166  
[2018/07/03 18:52:00 614] lgi        476  ns_enable=  1  
[2018/07/03 18:52:00 614] lgi        488  prot_ver=1  
[2018/07/03 18:52:00 614] lgi        499  prot_type=tcp  
[2018/07/03 18:52:00 614] lgi        650  SYS_MSG_UNLOAD  go bg!  
[2018/07/03 18:52:05 901] lgi        654  SYS_MSG_SHUTDOWN  
============================================================
Time  2018/07/03 18:52:14 199 
============================================================
[2018/07/03 18:52:14 199] lgi        641  SYS_MSG_LOAD  
[2018/07/03 18:52:14 200] lgi        663  SYS_MSG_REGCB  msp_status_cb  func(f4015f00) 
[2018/07/03 18:52:14 200] lgi        292  LGI_MSG_INIT  
[2018/07/03 18:52:14 200] lgi        299  lgi  lgi_  268436457  1504340430  
[2018/07/03 18:52:14 200] lgi        332  lgi params:  appid = 598422f9  
[2018/07/03 18:52:14 200] lgi        346  auth_time_str=  2018/07/03 18:52:14  
[2018/07/03 18:52:14 200] lgi        352  auth_appid=  598422f9  
[2018/07/03 18:52:14 200] lgi        363  token:  nil  
[2018/07/03 18:52:14 200] lgi        433  msc cver : 5.0.34.1166  
[2018/07/03 18:52:14 200] lgi        476  ns_enable=  1  
[2018/07/03 18:52:14 200] lgi        488  prot_ver=1  
[2018/07/03 18:52:14 200] lgi        499  prot_type=tcp  
[2018/07/03 18:52:14 201] lgi        650  SYS_MSG_UNLOAD  go bg!  
[2018/07/03 18:52:18 381] lgi        654  SYS_MSG_SHUTDOWN  
============================================================
Time  2018/07/03 18:52:23 029 
============================================================
[2018/07/03 18:52:23 029] lgi        641  SYS_MSG_LOAD  
[2018/07/03 18:52:23 029] lgi        663  SYS_MSG_REGCB  msp_status_cb  func(a0013530) 
[2018/07/03 18:52:23 029] lgi        292  LGI_MSG_INIT  
[2018/07/03 18:52:23 029] lgi        299  lgi  lgi_  268436457  1504340430  
[2018/07/03 18:52:23 029] lgi        332  lgi params:  appid = 598422f9  
[2018/07/03 18:52:23 029] lgi        346  auth_time_str=  2018/07/03 18:52:23  
[2018/07/03 18:52:23 029] lgi        352  auth_appid=  598422f9  
[2018/07/03 18:52:23 029] lgi        363  token:  nil  
[2018/07/03 18:52:23 029] lgi        433  msc cver : 5.0.34.1166  
[2018/07/03 18:52:23 029] lgi        476  ns_enable=  1  
[2018/07/03 18:52:23 029] lgi        488  prot_ver=1  
[2018/07/03 18:52:23 030] lgi        499  prot_type=tcp  
[2018/07/03 18:52:23 030] lgi        650  SYS_MSG_UNLOAD  go bg!  
[2018/07/03 18:52:27 477] lgi        654  SYS_MSG_SHUTDOWN  
============================================================
Time  2018/07/03 18:55:50 587 
============================================================
[2018/07/03 18:55:50 587] lgi        641  SYS_MSG_LOAD  
[2018/07/03 18:55:50 587] lgi        663  SYS_MSG_REGCB  msp_status_cb  func(28015f20) 
[2018/07/03 18:55:50 587] lgi        292  LGI_MSG_INIT  
[2018/07/03 18:55:50 587] lgi        299  lgi  lgi_  268436457  1504340430  
[2018/07/03 18:55:50 587] lgi        332  lgi params:  appid = 598422f9  
[2018/07/03 18:55:50 587] lgi        346  auth_time_str=  2018/07/03 18:55:50  
[2018/07/03 18:55:50 587] lgi        352  auth_appid=  598422f9  
[2018/07/03 18:55:50 587] lgi        363  token:  nil  
[2018/07/03 18:55:50 587] lgi        433  msc cver : 5.0.34.1166  
[2018/07/03 18:55:50 587] lgi        476  ns_enable=  1  
[2018/07/03 18:55:50 587] lgi        488  prot_ver=1  
[2018/07/03 18:55:50 587] lgi        499  prot_type=tcp  
[2018/07/03 18:55:50 588] lgi        650  SYS_MSG_UNLOAD  go bg!  
