============================================================
Time  2018/07/03 15:38:46 723 
============================================================
[2018/07/03 15:38:46 723] isr_local  2168 os_type is:  Linux  
[2018/07/03 15:38:46 726] isr_local  2177 SYS_MSG_LOAD_LOCAL  
[2018/07/03 15:38:46 729] isr_local  2206 SYS_MSG_REGCB_LOCAL| param0 =  msp_status_cb  
[2018/07/03 15:38:46 730] isr_local  2265 last gc at  1530603526  
[2018/07/03 15:38:46 735] isr_local  2206 SYS_MSG_REGCB_LOCAL| param0 =  build_grm_cb  
[2018/07/03 15:38:46 736] isr_local  2265 last gc at  1530603526  
[2018/07/03 15:38:46 739] isr_local  2219 ASR_LOCAL_MSG_BUILD_GRM  
[2018/07/03 15:38:46 740] isr_local  1860 grm_init | params:  engine_type = local, 		asr_res_path = fo|res/asr/common.jet, sample_rate = 16000, 		grm_build_path = res/asr/GrmBuilld,   
[2018/07/03 15:38:46 741] isr_local  803  engine_type  :  local  
[2018/07/03 15:38:46 742] isr_local  803  asr_res_path  :  fo|res/asr/common.jet  
[2018/07/03 15:38:46 743] isr_local  803  sample_rate  :  16000  
[2018/07/03 15:38:46 744] isr_local  803  grm_build_path  :  res/asr/GrmBuilld  
[2018/07/03 15:38:46 751] isr_local  1000 file count =   1  
[2018/07/03 15:38:46 753] isr_local  923  file open type is:   fo  
[2018/07/03 15:38:46 754] isr_local  956  res/asr/common.jet  0  0  
[2018/07/03 15:38:46 755] isr_local  1018 speech_plus_setting  0  
[2018/07/03 15:38:46 756] isr_local  1031 2  nil  res/asr/common.jet  0  0  
[2018/07/03 15:38:46 760] isr_local  1033 res_ver  2  
[2018/07/03 15:38:46 761] isr_local  1034 res 5  0504bd73a9c248f091bfc57d5ca532e7  
[2018/07/03 15:38:46 762] isr_local  1035 res_new_old_mark  v5pp  
[2018/07/03 15:38:46 763] isr_local  1036 res_usr_name  ""  
[2018/07/03 15:38:46 764] isr_local  1037 res_expires    
[2018/07/03 15:38:46 765] isr_local  1038 err  0  
[2018/07/03 15:38:46 766] isr_local  1054 lgi appid 5  0504bd73a9c248f091bfc57d5ca532e7  
[2018/07/03 15:38:46 767] isr_local  1065 res_expires is null  
[2018/07/03 15:38:46 784] isr_local  1601 proc_retcode_grm | errorcode =  0  
[2018/07/03 15:38:46 828] isr_local  1979 grammar id:call  
[2018/07/03 15:38:46 830] isr_local  1593 onGrmLocalServiceCb  0  call  
